{"E:\\DGF\\DGF_Backend\\services\\courseStatusService.js": {"path":"E:\\DGF\\DGF_Backend\\services\\courseStatusService.js","statementMap":{"0":{"start":{"line":1,"column":11},"end":{"line":1,"column":34}},"1":{"start":{"line":3,"column":27},"end":{"line":273,"column":1}},"2":{"start":{"line":4,"column":26},"end":{"line":4,"column":99}},"3":{"start":{"line":5,"column":29},"end":{"line":5,"column":32}},"4":{"start":{"line":7,"column":2},"end":{"line":9,"column":3}},"5":{"start":{"line":8,"column":4},"end":{"line":8,"column":99}},"6":{"start":{"line":12,"column":2},"end":{"line":272,"column":3}},"7":{"start":{"line":13,"column":4},"end":{"line":13,"column":52}},"8":{"start":{"line":14,"column":4},"end":{"line":14,"column":40}},"9":{"start":{"line":17,"column":28},"end":{"line":20,"column":5}},"10":{"start":{"line":21,"column":28},"end":{"line":21,"column":51}},"11":{"start":{"line":25,"column":27},"end":{"line":36,"column":5}},"12":{"start":{"line":39,"column":25},"end":{"line":42,"column":5}},"13":{"start":{"line":43,"column":39},"end":{"line":43,"column":52}},"14":{"start":{"line":46,"column":22},"end":{"line":49,"column":5}},"15":{"start":{"line":52,"column":33},"end":{"line":52,"column":85}},"16":{"start":{"line":52,"column":51},"end":{"line":52,"column":84}},"17":{"start":{"line":55,"column":4},"end":{"line":155,"column":5}},"18":{"start":{"line":56,"column":27},"end":{"line":56,"column":31}},"19":{"start":{"line":58,"column":6},"end":{"line":131,"column":7}},"20":{"start":{"line":59,"column":8},"end":{"line":59,"column":43}},"21":{"start":{"line":60,"column":13},"end":{"line":131,"column":7}},"22":{"start":{"line":61,"column":35},"end":{"line":61,"column":61}},"23":{"start":{"line":61,"column":52},"end":{"line":61,"column":60}},"24":{"start":{"line":62,"column":8},"end":{"line":88,"column":9}},"25":{"start":{"line":66,"column":10},"end":{"line":66,"column":39}},"26":{"start":{"line":67,"column":15},"end":{"line":88,"column":9}},"27":{"start":{"line":73,"column":10},"end":{"line":73,"column":50}},"28":{"start":{"line":74,"column":15},"end":{"line":88,"column":9}},"29":{"start":{"line":80,"column":10},"end":{"line":80,"column":39}},"30":{"start":{"line":81,"column":15},"end":{"line":88,"column":9}},"31":{"start":{"line":85,"column":10},"end":{"line":85,"column":40}},"32":{"start":{"line":87,"column":10},"end":{"line":87,"column":35}},"33":{"start":{"line":89,"column":13},"end":{"line":131,"column":7}},"34":{"start":{"line":90,"column":25},"end":{"line":90,"column":51}},"35":{"start":{"line":90,"column":42},"end":{"line":90,"column":50}},"36":{"start":{"line":91,"column":31},"end":{"line":91,"column":53}},"37":{"start":{"line":92,"column":8},"end":{"line":130,"column":9}},"38":{"start":{"line":93,"column":30},"end":{"line":93,"column":77}},"39":{"start":{"line":94,"column":28},"end":{"line":94,"column":64}},"40":{"start":{"line":95,"column":28},"end":{"line":95,"column":65}},"41":{"start":{"line":96,"column":28},"end":{"line":96,"column":73}},"42":{"start":{"line":97,"column":10},"end":{"line":109,"column":11}},"43":{"start":{"line":98,"column":12},"end":{"line":98,"column":41}},"44":{"start":{"line":99,"column":17},"end":{"line":109,"column":11}},"45":{"start":{"line":100,"column":12},"end":{"line":100,"column":42}},"46":{"start":{"line":102,"column":29},"end":{"line":102,"column":102}},"47":{"start":{"line":103,"column":12},"end":{"line":108,"column":13}},"48":{"start":{"line":104,"column":14},"end":{"line":107,"column":15}},"49":{"start":{"line":105,"column":16},"end":{"line":105,"column":40}},"50":{"start":{"line":106,"column":16},"end":{"line":106,"column":22}},"51":{"start":{"line":112,"column":31},"end":{"line":115,"column":16}},"52":{"start":{"line":113,"column":12},"end":{"line":113,"column":49}},"53":{"start":{"line":114,"column":12},"end":{"line":114,"column":23}},"54":{"start":{"line":116,"column":25},"end":{"line":116,"column":26}},"55":{"start":{"line":117,"column":31},"end":{"line":117,"column":35}},"56":{"start":{"line":118,"column":27},"end":{"line":118,"column":100}},"57":{"start":{"line":119,"column":10},"end":{"line":128,"column":11}},"58":{"start":{"line":120,"column":12},"end":{"line":127,"column":13}},"59":{"start":{"line":121,"column":14},"end":{"line":121,"column":31}},"60":{"start":{"line":122,"column":14},"end":{"line":122,"column":38}},"61":{"start":{"line":123,"column":19},"end":{"line":127,"column":13}},"62":{"start":{"line":124,"column":33},"end":{"line":124,"column":65}},"63":{"start":{"line":125,"column":29},"end":{"line":125,"column":53}},"64":{"start":{"line":126,"column":14},"end":{"line":126,"column":77}},"65":{"start":{"line":129,"column":10},"end":{"line":129,"column":42}},"66":{"start":{"line":134,"column":32},"end":{"line":137,"column":7}},"67":{"start":{"line":138,"column":32},"end":{"line":138,"column":76}},"68":{"start":{"line":142,"column":6},"end":{"line":154,"column":8}},"69":{"start":{"line":158,"column":24},"end":{"line":161,"column":5}},"70":{"start":{"line":162,"column":42},"end":{"line":162,"column":96}},"71":{"start":{"line":162,"column":62},"end":{"line":162,"column":95}},"72":{"start":{"line":163,"column":25},"end":{"line":163,"column":29}},"73":{"start":{"line":165,"column":4},"end":{"line":240,"column":5}},"74":{"start":{"line":166,"column":29},"end":{"line":166,"column":45}},"75":{"start":{"line":167,"column":23},"end":{"line":167,"column":51}},"76":{"start":{"line":167,"column":42},"end":{"line":167,"column":50}},"77":{"start":{"line":169,"column":6},"end":{"line":180,"column":7}},"78":{"start":{"line":170,"column":31},"end":{"line":170,"column":53}},"79":{"start":{"line":171,"column":8},"end":{"line":179,"column":9}},"80":{"start":{"line":172,"column":10},"end":{"line":172,"column":39}},"81":{"start":{"line":173,"column":15},"end":{"line":179,"column":9}},"82":{"start":{"line":174,"column":10},"end":{"line":174,"column":40}},"83":{"start":{"line":175,"column":15},"end":{"line":179,"column":9}},"84":{"start":{"line":176,"column":10},"end":{"line":176,"column":40}},"85":{"start":{"line":177,"column":15},"end":{"line":179,"column":9}},"86":{"start":{"line":178,"column":10},"end":{"line":178,"column":39}},"87":{"start":{"line":182,"column":6},"end":{"line":239,"column":7}},"88":{"start":{"line":183,"column":8},"end":{"line":238,"column":9}},"89":{"start":{"line":184,"column":10},"end":{"line":184,"column":47}},"90":{"start":{"line":185,"column":15},"end":{"line":238,"column":9}},"91":{"start":{"line":186,"column":37},"end":{"line":186,"column":65}},"92":{"start":{"line":186,"column":56},"end":{"line":186,"column":64}},"93":{"start":{"line":187,"column":10},"end":{"line":213,"column":11}},"94":{"start":{"line":191,"column":12},"end":{"line":191,"column":41}},"95":{"start":{"line":192,"column":17},"end":{"line":213,"column":11}},"96":{"start":{"line":198,"column":12},"end":{"line":198,"column":52}},"97":{"start":{"line":199,"column":17},"end":{"line":213,"column":11}},"98":{"start":{"line":205,"column":12},"end":{"line":205,"column":41}},"99":{"start":{"line":206,"column":17},"end":{"line":213,"column":11}},"100":{"start":{"line":210,"column":12},"end":{"line":210,"column":42}},"101":{"start":{"line":212,"column":12},"end":{"line":212,"column":37}},"102":{"start":{"line":215,"column":31},"end":{"line":218,"column":16}},"103":{"start":{"line":216,"column":12},"end":{"line":216,"column":49}},"104":{"start":{"line":217,"column":12},"end":{"line":217,"column":23}},"105":{"start":{"line":220,"column":25},"end":{"line":220,"column":26}},"106":{"start":{"line":221,"column":26},"end":{"line":221,"column":30}},"107":{"start":{"line":222,"column":27},"end":{"line":222,"column":100}},"108":{"start":{"line":223,"column":10},"end":{"line":232,"column":11}},"109":{"start":{"line":224,"column":12},"end":{"line":231,"column":13}},"110":{"start":{"line":225,"column":14},"end":{"line":225,"column":31}},"111":{"start":{"line":226,"column":14},"end":{"line":226,"column":33}},"112":{"start":{"line":227,"column":19},"end":{"line":231,"column":13}},"113":{"start":{"line":228,"column":33},"end":{"line":228,"column":60}},"114":{"start":{"line":229,"column":29},"end":{"line":229,"column":53}},"115":{"start":{"line":230,"column":14},"end":{"line":230,"column":67}},"116":{"start":{"line":233,"column":10},"end":{"line":237,"column":11}},"117":{"start":{"line":234,"column":12},"end":{"line":234,"column":39}},"118":{"start":{"line":235,"column":17},"end":{"line":237,"column":11}},"119":{"start":{"line":236,"column":12},"end":{"line":236,"column":39}},"120":{"start":{"line":243,"column":4},"end":{"line":263,"column":5}},"121":{"start":{"line":245,"column":31},"end":{"line":248,"column":7}},"122":{"start":{"line":249,"column":31},"end":{"line":249,"column":87}},"123":{"start":{"line":251,"column":6},"end":{"line":262,"column":8}},"124":{"start":{"line":265,"column":4},"end":{"line":265,"column":30}},"125":{"start":{"line":266,"column":4},"end":{"line":266,"column":142}},"126":{"start":{"line":268,"column":4},"end":{"line":268,"column":48}},"127":{"start":{"line":268,"column":20},"end":{"line":268,"column":48}},"128":{"start":{"line":269,"column":4},"end":{"line":269,"column":67}},"129":{"start":{"line":271,"column":4},"end":{"line":271,"column":41}},"130":{"start":{"line":271,"column":20},"end":{"line":271,"column":41}},"131":{"start":{"line":275,"column":0},"end":{"line":275,"column":40}}},"fnMap":{"0":{"name":"(anonymous_0)","decl":{"start":{"line":3,"column":27},"end":{"line":3,"column":28}},"loc":{"start":{"line":3,"column":62},"end":{"line":273,"column":1}},"line":3},"1":{"name":"(anonymous_1)","decl":{"start":{"line":52,"column":46},"end":{"line":52,"column":47}},"loc":{"start":{"line":52,"column":51},"end":{"line":52,"column":84}},"line":52},"2":{"name":"(anonymous_2)","decl":{"start":{"line":61,"column":47},"end":{"line":61,"column":48}},"loc":{"start":{"line":61,"column":52},"end":{"line":61,"column":60}},"line":61},"3":{"name":"(anonymous_3)","decl":{"start":{"line":90,"column":37},"end":{"line":90,"column":38}},"loc":{"start":{"line":90,"column":42},"end":{"line":90,"column":50}},"line":90},"4":{"name":"(anonymous_4)","decl":{"start":{"line":112,"column":47},"end":{"line":112,"column":48}},"loc":{"start":{"line":112,"column":64},"end":{"line":115,"column":11}},"line":112},"5":{"name":"(anonymous_5)","decl":{"start":{"line":162,"column":57},"end":{"line":162,"column":58}},"loc":{"start":{"line":162,"column":62},"end":{"line":162,"column":95}},"line":162},"6":{"name":"(anonymous_6)","decl":{"start":{"line":167,"column":37},"end":{"line":167,"column":38}},"loc":{"start":{"line":167,"column":42},"end":{"line":167,"column":50}},"line":167},"7":{"name":"(anonymous_7)","decl":{"start":{"line":186,"column":51},"end":{"line":186,"column":52}},"loc":{"start":{"line":186,"column":56},"end":{"line":186,"column":64}},"line":186},"8":{"name":"(anonymous_8)","decl":{"start":{"line":215,"column":47},"end":{"line":215,"column":48}},"loc":{"start":{"line":215,"column":64},"end":{"line":218,"column":11}},"line":215}},"branchMap":{"0":{"loc":{"start":{"line":7,"column":2},"end":{"line":9,"column":3}},"type":"if","locations":[{"start":{"line":7,"column":2},"end":{"line":9,"column":3}},{"start":{},"end":{}}],"line":7},"1":{"loc":{"start":{"line":33,"column":8},"end":{"line":33,"column":86}},"type":"binary-expr","locations":[{"start":{"line":33,"column":8},"end":{"line":33,"column":48}},{"start":{"line":33,"column":52},"end":{"line":33,"column":86}}],"line":33},"2":{"loc":{"start":{"line":55,"column":4},"end":{"line":155,"column":5}},"type":"if","locations":[{"start":{"line":55,"column":4},"end":{"line":155,"column":5}},{"start":{},"end":{}}],"line":55},"3":{"loc":{"start":{"line":58,"column":6},"end":{"line":131,"column":7}},"type":"if","locations":[{"start":{"line":58,"column":6},"end":{"line":131,"column":7}},{"start":{"line":60,"column":13},"end":{"line":131,"column":7}}],"line":58},"4":{"loc":{"start":{"line":60,"column":13},"end":{"line":131,"column":7}},"type":"if","locations":[{"start":{"line":60,"column":13},"end":{"line":131,"column":7}},{"start":{"line":89,"column":13},"end":{"line":131,"column":7}}],"line":60},"5":{"loc":{"start":{"line":62,"column":8},"end":{"line":88,"column":9}},"type":"if","locations":[{"start":{"line":62,"column":8},"end":{"line":88,"column":9}},{"start":{"line":67,"column":15},"end":{"line":88,"column":9}}],"line":62},"6":{"loc":{"start":{"line":63,"column":10},"end":{"line":64,"column":73}},"type":"binary-expr","locations":[{"start":{"line":63,"column":11},"end":{"line":63,"column":45}},{"start":{"line":63,"column":49},"end":{"line":63,"column":72}},{"start":{"line":64,"column":11},"end":{"line":64,"column":34}},{"start":{"line":64,"column":38},"end":{"line":64,"column":72}}],"line":63},"7":{"loc":{"start":{"line":67,"column":15},"end":{"line":88,"column":9}},"type":"if","locations":[{"start":{"line":67,"column":15},"end":{"line":88,"column":9}},{"start":{"line":74,"column":15},"end":{"line":88,"column":9}}],"line":67},"8":{"loc":{"start":{"line":68,"column":10},"end":{"line":71,"column":82}},"type":"binary-expr","locations":[{"start":{"line":68,"column":11},"end":{"line":68,"column":45}},{"start":{"line":68,"column":49},"end":{"line":68,"column":73}},{"start":{"line":69,"column":11},"end":{"line":69,"column":35}},{"start":{"line":69,"column":39},"end":{"line":69,"column":73}},{"start":{"line":70,"column":11},"end":{"line":70,"column":45}},{"start":{"line":70,"column":49},"end":{"line":70,"column":81}},{"start":{"line":71,"column":11},"end":{"line":71,"column":43}},{"start":{"line":71,"column":47},"end":{"line":71,"column":81}}],"line":68},"9":{"loc":{"start":{"line":74,"column":15},"end":{"line":88,"column":9}},"type":"if","locations":[{"start":{"line":74,"column":15},"end":{"line":88,"column":9}},{"start":{"line":81,"column":15},"end":{"line":88,"column":9}}],"line":74},"10":{"loc":{"start":{"line":75,"column":10},"end":{"line":78,"column":71}},"type":"binary-expr","locations":[{"start":{"line":75,"column":11},"end":{"line":75,"column":34}},{"start":{"line":75,"column":38},"end":{"line":75,"column":62}},{"start":{"line":76,"column":11},"end":{"line":76,"column":35}},{"start":{"line":76,"column":39},"end":{"line":76,"column":62}},{"start":{"line":77,"column":11},"end":{"line":77,"column":34}},{"start":{"line":77,"column":38},"end":{"line":77,"column":70}},{"start":{"line":78,"column":11},"end":{"line":78,"column":43}},{"start":{"line":78,"column":47},"end":{"line":78,"column":70}}],"line":75},"11":{"loc":{"start":{"line":81,"column":15},"end":{"line":88,"column":9}},"type":"if","locations":[{"start":{"line":81,"column":15},"end":{"line":88,"column":9}},{"start":{"line":86,"column":15},"end":{"line":88,"column":9}}],"line":81},"12":{"loc":{"start":{"line":82,"column":10},"end":{"line":83,"column":72}},"type":"binary-expr","locations":[{"start":{"line":82,"column":11},"end":{"line":82,"column":35}},{"start":{"line":82,"column":39},"end":{"line":82,"column":71}},{"start":{"line":83,"column":11},"end":{"line":83,"column":43}},{"start":{"line":83,"column":47},"end":{"line":83,"column":71}}],"line":82},"13":{"loc":{"start":{"line":89,"column":13},"end":{"line":131,"column":7}},"type":"if","locations":[{"start":{"line":89,"column":13},"end":{"line":131,"column":7}},{"start":{},"end":{}}],"line":89},"14":{"loc":{"start":{"line":92,"column":8},"end":{"line":130,"column":9}},"type":"if","locations":[{"start":{"line":92,"column":8},"end":{"line":130,"column":9}},{"start":{"line":110,"column":15},"end":{"line":130,"column":9}}],"line":92},"15":{"loc":{"start":{"line":97,"column":10},"end":{"line":109,"column":11}},"type":"if","locations":[{"start":{"line":97,"column":10},"end":{"line":109,"column":11}},{"start":{"line":99,"column":17},"end":{"line":109,"column":11}}],"line":97},"16":{"loc":{"start":{"line":97,"column":14},"end":{"line":97,"column":96}},"type":"binary-expr","locations":[{"start":{"line":97,"column":15},"end":{"line":97,"column":26}},{"start":{"line":97,"column":30},"end":{"line":97,"column":39}},{"start":{"line":97,"column":43},"end":{"line":97,"column":52}},{"start":{"line":97,"column":58},"end":{"line":97,"column":69}},{"start":{"line":97,"column":73},"end":{"line":97,"column":82}},{"start":{"line":97,"column":86},"end":{"line":97,"column":95}}],"line":97},"17":{"loc":{"start":{"line":99,"column":17},"end":{"line":109,"column":11}},"type":"if","locations":[{"start":{"line":99,"column":17},"end":{"line":109,"column":11}},{"start":{"line":101,"column":17},"end":{"line":109,"column":11}}],"line":99},"18":{"loc":{"start":{"line":99,"column":21},"end":{"line":99,"column":101}},"type":"binary-expr","locations":[{"start":{"line":99,"column":22},"end":{"line":99,"column":31}},{"start":{"line":99,"column":35},"end":{"line":99,"column":44}},{"start":{"line":99,"column":48},"end":{"line":99,"column":57}},{"start":{"line":99,"column":63},"end":{"line":99,"column":72}},{"start":{"line":99,"column":76},"end":{"line":99,"column":85}},{"start":{"line":99,"column":89},"end":{"line":99,"column":100}}],"line":99},"19":{"loc":{"start":{"line":104,"column":14},"end":{"line":107,"column":15}},"type":"if","locations":[{"start":{"line":104,"column":14},"end":{"line":107,"column":15}},{"start":{},"end":{}}],"line":104},"20":{"loc":{"start":{"line":113,"column":27},"end":{"line":113,"column":43}},"type":"binary-expr","locations":[{"start":{"line":113,"column":27},"end":{"line":113,"column":38}},{"start":{"line":113,"column":42},"end":{"line":113,"column":43}}],"line":113},"21":{"loc":{"start":{"line":120,"column":12},"end":{"line":127,"column":13}},"type":"if","locations":[{"start":{"line":120,"column":12},"end":{"line":127,"column":13}},{"start":{"line":123,"column":19},"end":{"line":127,"column":13}}],"line":120},"22":{"loc":{"start":{"line":123,"column":19},"end":{"line":127,"column":13}},"type":"if","locations":[{"start":{"line":123,"column":19},"end":{"line":127,"column":13}},{"start":{},"end":{}}],"line":123},"23":{"loc":{"start":{"line":126,"column":31},"end":{"line":126,"column":76}},"type":"cond-expr","locations":[{"start":{"line":126,"column":53},"end":{"line":126,"column":59}},{"start":{"line":126,"column":62},"end":{"line":126,"column":76}}],"line":126},"24":{"loc":{"start":{"line":138,"column":32},"end":{"line":138,"column":76}},"type":"binary-expr","locations":[{"start":{"line":138,"column":32},"end":{"line":138,"column":58}},{"start":{"line":138,"column":62},"end":{"line":138,"column":76}}],"line":138},"25":{"loc":{"start":{"line":150,"column":10},"end":{"line":150,"column":83}},"type":"binary-expr","locations":[{"start":{"line":150,"column":10},"end":{"line":150,"column":46}},{"start":{"line":150,"column":50},"end":{"line":150,"column":83}}],"line":150},"26":{"loc":{"start":{"line":165,"column":4},"end":{"line":240,"column":5}},"type":"if","locations":[{"start":{"line":165,"column":4},"end":{"line":240,"column":5}},{"start":{},"end":{}}],"line":165},"27":{"loc":{"start":{"line":169,"column":6},"end":{"line":180,"column":7}},"type":"if","locations":[{"start":{"line":169,"column":6},"end":{"line":180,"column":7}},{"start":{},"end":{}}],"line":169},"28":{"loc":{"start":{"line":171,"column":8},"end":{"line":179,"column":9}},"type":"if","locations":[{"start":{"line":171,"column":8},"end":{"line":179,"column":9}},{"start":{"line":173,"column":15},"end":{"line":179,"column":9}}],"line":171},"29":{"loc":{"start":{"line":171,"column":12},"end":{"line":171,"column":140}},"type":"binary-expr","locations":[{"start":{"line":171,"column":12},"end":{"line":171,"column":59}},{"start":{"line":171,"column":63},"end":{"line":171,"column":99}},{"start":{"line":171,"column":103},"end":{"line":171,"column":140}}],"line":171},"30":{"loc":{"start":{"line":173,"column":15},"end":{"line":179,"column":9}},"type":"if","locations":[{"start":{"line":173,"column":15},"end":{"line":179,"column":9}},{"start":{"line":175,"column":15},"end":{"line":179,"column":9}}],"line":173},"31":{"loc":{"start":{"line":173,"column":19},"end":{"line":173,"column":145}},"type":"binary-expr","locations":[{"start":{"line":173,"column":19},"end":{"line":173,"column":55}},{"start":{"line":173,"column":59},"end":{"line":173,"column":96}},{"start":{"line":173,"column":100},"end":{"line":173,"column":145}}],"line":173},"32":{"loc":{"start":{"line":175,"column":15},"end":{"line":179,"column":9}},"type":"if","locations":[{"start":{"line":175,"column":15},"end":{"line":179,"column":9}},{"start":{"line":177,"column":15},"end":{"line":179,"column":9}}],"line":175},"33":{"loc":{"start":{"line":175,"column":19},"end":{"line":175,"column":156}},"type":"binary-expr","locations":[{"start":{"line":175,"column":19},"end":{"line":175,"column":56}},{"start":{"line":175,"column":60},"end":{"line":175,"column":105}},{"start":{"line":175,"column":109},"end":{"line":175,"column":156}}],"line":175},"34":{"loc":{"start":{"line":177,"column":15},"end":{"line":179,"column":9}},"type":"if","locations":[{"start":{"line":177,"column":15},"end":{"line":179,"column":9}},{"start":{},"end":{}}],"line":177},"35":{"loc":{"start":{"line":177,"column":19},"end":{"line":177,"column":155}},"type":"binary-expr","locations":[{"start":{"line":177,"column":19},"end":{"line":177,"column":66}},{"start":{"line":177,"column":70},"end":{"line":177,"column":106}},{"start":{"line":177,"column":110},"end":{"line":177,"column":155}}],"line":177},"36":{"loc":{"start":{"line":182,"column":6},"end":{"line":239,"column":7}},"type":"if","locations":[{"start":{"line":182,"column":6},"end":{"line":239,"column":7}},{"start":{},"end":{}}],"line":182},"37":{"loc":{"start":{"line":183,"column":8},"end":{"line":238,"column":9}},"type":"if","locations":[{"start":{"line":183,"column":8},"end":{"line":238,"column":9}},{"start":{"line":185,"column":15},"end":{"line":238,"column":9}}],"line":183},"38":{"loc":{"start":{"line":185,"column":15},"end":{"line":238,"column":9}},"type":"if","locations":[{"start":{"line":185,"column":15},"end":{"line":238,"column":9}},{"start":{"line":214,"column":15},"end":{"line":238,"column":9}}],"line":185},"39":{"loc":{"start":{"line":187,"column":10},"end":{"line":213,"column":11}},"type":"if","locations":[{"start":{"line":187,"column":10},"end":{"line":213,"column":11}},{"start":{"line":192,"column":17},"end":{"line":213,"column":11}}],"line":187},"40":{"loc":{"start":{"line":188,"column":12},"end":{"line":189,"column":75}},"type":"binary-expr","locations":[{"start":{"line":188,"column":13},"end":{"line":188,"column":47}},{"start":{"line":188,"column":51},"end":{"line":188,"column":74}},{"start":{"line":189,"column":13},"end":{"line":189,"column":36}},{"start":{"line":189,"column":40},"end":{"line":189,"column":74}}],"line":188},"41":{"loc":{"start":{"line":192,"column":17},"end":{"line":213,"column":11}},"type":"if","locations":[{"start":{"line":192,"column":17},"end":{"line":213,"column":11}},{"start":{"line":199,"column":17},"end":{"line":213,"column":11}}],"line":192},"42":{"loc":{"start":{"line":193,"column":12},"end":{"line":196,"column":84}},"type":"binary-expr","locations":[{"start":{"line":193,"column":13},"end":{"line":193,"column":47}},{"start":{"line":193,"column":51},"end":{"line":193,"column":75}},{"start":{"line":194,"column":13},"end":{"line":194,"column":37}},{"start":{"line":194,"column":41},"end":{"line":194,"column":75}},{"start":{"line":195,"column":13},"end":{"line":195,"column":47}},{"start":{"line":195,"column":51},"end":{"line":195,"column":83}},{"start":{"line":196,"column":13},"end":{"line":196,"column":45}},{"start":{"line":196,"column":49},"end":{"line":196,"column":83}}],"line":193},"43":{"loc":{"start":{"line":199,"column":17},"end":{"line":213,"column":11}},"type":"if","locations":[{"start":{"line":199,"column":17},"end":{"line":213,"column":11}},{"start":{"line":206,"column":17},"end":{"line":213,"column":11}}],"line":199},"44":{"loc":{"start":{"line":200,"column":12},"end":{"line":203,"column":73}},"type":"binary-expr","locations":[{"start":{"line":200,"column":13},"end":{"line":200,"column":36}},{"start":{"line":200,"column":40},"end":{"line":200,"column":64}},{"start":{"line":201,"column":13},"end":{"line":201,"column":37}},{"start":{"line":201,"column":41},"end":{"line":201,"column":64}},{"start":{"line":202,"column":13},"end":{"line":202,"column":36}},{"start":{"line":202,"column":40},"end":{"line":202,"column":72}},{"start":{"line":203,"column":13},"end":{"line":203,"column":45}},{"start":{"line":203,"column":49},"end":{"line":203,"column":72}}],"line":200},"45":{"loc":{"start":{"line":206,"column":17},"end":{"line":213,"column":11}},"type":"if","locations":[{"start":{"line":206,"column":17},"end":{"line":213,"column":11}},{"start":{"line":211,"column":17},"end":{"line":213,"column":11}}],"line":206},"46":{"loc":{"start":{"line":207,"column":12},"end":{"line":208,"column":74}},"type":"binary-expr","locations":[{"start":{"line":207,"column":13},"end":{"line":207,"column":37}},{"start":{"line":207,"column":41},"end":{"line":207,"column":73}},{"start":{"line":208,"column":13},"end":{"line":208,"column":45}},{"start":{"line":208,"column":49},"end":{"line":208,"column":73}}],"line":207},"47":{"loc":{"start":{"line":216,"column":27},"end":{"line":216,"column":43}},"type":"binary-expr","locations":[{"start":{"line":216,"column":27},"end":{"line":216,"column":38}},{"start":{"line":216,"column":42},"end":{"line":216,"column":43}}],"line":216},"48":{"loc":{"start":{"line":224,"column":12},"end":{"line":231,"column":13}},"type":"if","locations":[{"start":{"line":224,"column":12},"end":{"line":231,"column":13}},{"start":{"line":227,"column":19},"end":{"line":231,"column":13}}],"line":224},"49":{"loc":{"start":{"line":227,"column":19},"end":{"line":231,"column":13}},"type":"if","locations":[{"start":{"line":227,"column":19},"end":{"line":231,"column":13}},{"start":{},"end":{}}],"line":227},"50":{"loc":{"start":{"line":230,"column":26},"end":{"line":230,"column":66}},"type":"cond-expr","locations":[{"start":{"line":230,"column":48},"end":{"line":230,"column":54}},{"start":{"line":230,"column":57},"end":{"line":230,"column":66}}],"line":230},"51":{"loc":{"start":{"line":233,"column":10},"end":{"line":237,"column":11}},"type":"if","locations":[{"start":{"line":233,"column":10},"end":{"line":237,"column":11}},{"start":{"line":235,"column":17},"end":{"line":237,"column":11}}],"line":233},"52":{"loc":{"start":{"line":235,"column":17},"end":{"line":237,"column":11}},"type":"if","locations":[{"start":{"line":235,"column":17},"end":{"line":237,"column":11}},{"start":{},"end":{}}],"line":235},"53":{"loc":{"start":{"line":235,"column":21},"end":{"line":235,"column":80}},"type":"binary-expr","locations":[{"start":{"line":235,"column":21},"end":{"line":235,"column":45}},{"start":{"line":235,"column":49},"end":{"line":235,"column":80}}],"line":235},"54":{"loc":{"start":{"line":243,"column":4},"end":{"line":263,"column":5}},"type":"if","locations":[{"start":{"line":243,"column":4},"end":{"line":263,"column":5}},{"start":{},"end":{}}],"line":243},"55":{"loc":{"start":{"line":243,"column":8},"end":{"line":243,"column":56}},"type":"binary-expr","locations":[{"start":{"line":243,"column":8},"end":{"line":243,"column":38}},{"start":{"line":243,"column":42},"end":{"line":243,"column":56}}],"line":243},"56":{"loc":{"start":{"line":249,"column":31},"end":{"line":249,"column":87}},"type":"binary-expr","locations":[{"start":{"line":249,"column":31},"end":{"line":249,"column":63}},{"start":{"line":249,"column":67},"end":{"line":249,"column":87}}],"line":249},"57":{"loc":{"start":{"line":259,"column":10},"end":{"line":259,"column":94}},"type":"binary-expr","locations":[{"start":{"line":259,"column":10},"end":{"line":259,"column":51}},{"start":{"line":259,"column":55},"end":{"line":259,"column":94}}],"line":259},"58":{"loc":{"start":{"line":268,"column":4},"end":{"line":268,"column":48}},"type":"if","locations":[{"start":{"line":268,"column":4},"end":{"line":268,"column":48}},{"start":{},"end":{}}],"line":268},"59":{"loc":{"start":{"line":271,"column":4},"end":{"line":271,"column":41}},"type":"if","locations":[{"start":{"line":271,"column":4},"end":{"line":271,"column":41}},{"start":{},"end":{}}],"line":271}},"s":{"0":1,"1":1,"2":5,"3":5,"4":5,"5":1,"6":4,"7":4,"8":3,"9":3,"10":2,"11":2,"12":2,"13":2,"14":2,"15":2,"16":5,"17":2,"18":2,"19":2,"20":0,"21":2,"22":1,"23":2,"24":1,"25":0,"26":1,"27":0,"28":1,"29":0,"30":1,"31":0,"32":1,"33":1,"34":1,"35":3,"36":1,"37":1,"38":1,"39":1,"40":1,"41":1,"42":1,"43":1,"44":0,"45":0,"46":0,"47":0,"48":0,"49":0,"50":0,"51":0,"52":0,"53":0,"54":0,"55":0,"56":0,"57":0,"58":0,"59":0,"60":0,"61":0,"62":0,"63":0,"64":0,"65":0,"66":2,"67":2,"68":2,"69":2,"70":2,"71":4,"72":2,"73":2,"74":2,"75":2,"76":4,"77":2,"78":0,"79":0,"80":0,"81":0,"82":0,"83":0,"84":0,"85":0,"86":0,"87":2,"88":2,"89":0,"90":2,"91":2,"92":4,"93":2,"94":0,"95":2,"96":0,"97":2,"98":1,"99":1,"100":0,"101":1,"102":0,"103":0,"104":0,"105":0,"106":0,"107":0,"108":0,"109":0,"110":0,"111":0,"112":0,"113":0,"114":0,"115":0,"116":0,"117":0,"118":0,"119":0,"120":2,"121":2,"122":2,"123":2,"124":2,"125":2,"126":2,"127":1,"128":2,"129":4,"130":3,"131":1},"f":{"0":5,"1":5,"2":2,"3":3,"4":0,"5":4,"6":4,"7":4,"8":0},"b":{"0":[1,4],"1":[2,1],"2":[2,0],"3":[0,2],"4":[1,1],"5":[0,1],"6":[1,0,1,1],"7":[0,1],"8":[1,0,1,0,1,0,1,0],"9":[0,1],"10":[1,1,1,0,1,1,1,0],"11":[0,1],"12":[1,0,1,0],"13":[1,0],"14":[1,0],"15":[1,0],"16":[1,1,1,0,0,0],"17":[0,0],"18":[0,0,0,0,0,0],"19":[0,0],"20":[0,0],"21":[0,0],"22":[0,0],"23":[0,0],"24":[2,0],"25":[2,0],"26":[2,0],"27":[0,2],"28":[0,0],"29":[0,0,0],"30":[0,0],"31":[0,0,0],"32":[0,0],"33":[0,0,0],"34":[0,0],"35":[0,0,0],"36":[2,0],"37":[0,2],"38":[2,0],"39":[0,2],"40":[2,0,2,2],"41":[0,2],"42":[2,0,2,0,2,0,2,0],"43":[1,1],"44":[2,2,1,0,1,1,1,0],"45":[0,1],"46":[1,0,1,0],"47":[0,0],"48":[0,0],"49":[0,0],"50":[0,0],"51":[0,0],"52":[0,0],"53":[0,0],"54":[2,0],"55":[2,2],"56":[2,0],"57":[2,2],"58":[1,1],"59":[3,1]},"_coverageSchema":"1a1c01bbd47fc00a2c39e90264f33305004495a9","hash":"61ff987d848131fcd5f18d166c759b646d33ab25"}
}
