{"E:\\DGF\\DGF_Backend\\config\\db.js": {"path":"E:\\DGF\\DGF_Backend\\config\\db.js","statementMap":{"0":{"start":{"line":2,"column":14},"end":{"line":2,"column":31}},"1":{"start":{"line":3,"column":0},"end":{"line":3,"column":27}},"2":{"start":{"line":6,"column":13},"end":{"line":11,"column":2}},"3":{"start":{"line":13,"column":0},"end":{"line":13,"column":22}}},"fnMap":{},"branchMap":{},"s":{"0":40,"1":40,"2":40,"3":40},"f":{},"b":{},"_coverageSchema":"1a1c01bbd47fc00a2c39e90264f33305004495a9","hash":"66423f951b4fe75a94768e7880a8123194b12caa"}
,"E:\\DGF\\DGF_Backend\\config\\smtpConfig.js": {"path":"E:\\DGF\\DGF_Backend\\config\\smtpConfig.js","statementMap":{"0":{"start":{"line":3,"column":21},"end":{"line":14,"column":3}},"1":{"start":{"line":16,"column":2},"end":{"line":16,"column":34}}},"fnMap":{},"branchMap":{},"s":{"0":3,"1":3},"f":{},"b":{},"_coverageSchema":"1a1c01bbd47fc00a2c39e90264f33305004495a9","hash":"6cdda3bbc5c17a2b3ad6b340f8ec194f9cb144ee"}
,"E:\\DGF\\DGF_Backend\\controllers\\actionEmailController.js": {"path":"E:\\DGF\\DGF_Backend\\controllers\\actionEmailController.js","statementMap":{"0":{"start":{"line":2,"column":22},"end":{"line":2,"column":56}},"1":{"start":{"line":4,"column":21},"end":{"line":126,"column":1}},"2":{"start":{"line":5,"column":24},"end":{"line":5,"column":32}},"3":{"start":{"line":6,"column":4},"end":{"line":6,"column":46}},"4":{"start":{"line":7,"column":20},"end":{"line":7,"column":56}},"5":{"start":{"line":8,"column":26},"end":{"line":8,"column":49}},"6":{"start":{"line":10,"column":58},"end":{"line":10,"column":69}},"7":{"start":{"line":13,"column":18},"end":{"line":13,"column":20}},"8":{"start":{"line":14,"column":15},"end":{"line":14,"column":17}},"9":{"start":{"line":62,"column":4},"end":{"line":110,"column":5}},"10":{"start":{"line":64,"column":12},"end":{"line":64,"column":50}},"11":{"start":{"line":65,"column":12},"end":{"line":70,"column":108}},"12":{"start":{"line":71,"column":12},"end":{"line":71,"column":18}},"13":{"start":{"line":74,"column":12},"end":{"line":74,"column":50}},"14":{"start":{"line":75,"column":12},"end":{"line":82,"column":108}},"15":{"start":{"line":83,"column":12},"end":{"line":83,"column":18}},"16":{"start":{"line":86,"column":12},"end":{"line":86,"column":51}},"17":{"start":{"line":87,"column":12},"end":{"line":93,"column":108}},"18":{"start":{"line":94,"column":12},"end":{"line":94,"column":18}},"19":{"start":{"line":97,"column":12},"end":{"line":97,"column":68}},"20":{"start":{"line":98,"column":12},"end":{"line":105,"column":108}},"21":{"start":{"line":106,"column":12},"end":{"line":106,"column":18}},"22":{"start":{"line":109,"column":12},"end":{"line":109,"column":69}},"23":{"start":{"line":113,"column":4},"end":{"line":125,"column":5}},"24":{"start":{"line":116,"column":8},"end":{"line":116,"column":63}},"25":{"start":{"line":121,"column":8},"end":{"line":121,"column":89}},"26":{"start":{"line":123,"column":8},"end":{"line":123,"column":60}},"27":{"start":{"line":124,"column":8},"end":{"line":124,"column":70}},"28":{"start":{"line":128,"column":0},"end":{"line":128,"column":34}}},"fnMap":{"0":{"name":"(anonymous_0)","decl":{"start":{"line":4,"column":21},"end":{"line":4,"column":22}},"loc":{"start":{"line":4,"column":41},"end":{"line":126,"column":1}},"line":4}},"branchMap":{"0":{"loc":{"start":{"line":62,"column":4},"end":{"line":110,"column":5}},"type":"switch","locations":[{"start":{"line":63,"column":8},"end":{"line":71,"column":18}},{"start":{"line":73,"column":8},"end":{"line":83,"column":18}},{"start":{"line":85,"column":8},"end":{"line":94,"column":18}},{"start":{"line":96,"column":8},"end":{"line":106,"column":18}},{"start":{"line":108,"column":8},"end":{"line":109,"column":69}}],"line":62}},"s":{"0":1,"1":1,"2":6,"3":6,"4":6,"5":6,"6":6,"7":6,"8":6,"9":6,"10":2,"11":2,"12":2,"13":1,"14":1,"15":1,"16":1,"17":1,"18":1,"19":1,"20":1,"21":1,"22":1,"23":5,"24":5,"25":4,"26":1,"27":1,"28":1},"f":{"0":6},"b":{"0":[2,1,1,1,1]},"_coverageSchema":"1a1c01bbd47fc00a2c39e90264f33305004495a9","hash":"0ed8b9752295686c77b597ba6c48075e3c4b04d8"}
,"E:\\DGF\\DGF_Backend\\controllers\\addUserController.js": {"path":"E:\\DGF\\DGF_Backend\\controllers\\addUserController.js","statementMap":{"0":{"start":{"line":1,"column":20},"end":{"line":1,"column":57}},"1":{"start":{"line":3,"column":26},"end":{"line":16,"column":1}},"2":{"start":{"line":4,"column":90},"end":{"line":4,"column":98}},"3":{"start":{"line":6,"column":4},"end":{"line":8,"column":5}},"4":{"start":{"line":7,"column":8},"end":{"line":7,"column":74}},"5":{"start":{"line":10,"column":4},"end":{"line":15,"column":5}},"6":{"start":{"line":11,"column":8},"end":{"line":11,"column":101}},"7":{"start":{"line":12,"column":8},"end":{"line":12,"column":69}},"8":{"start":{"line":14,"column":8},"end":{"line":14,"column":107}},"9":{"start":{"line":18,"column":0},"end":{"line":20,"column":2}}},"fnMap":{"0":{"name":"(anonymous_0)","decl":{"start":{"line":3,"column":26},"end":{"line":3,"column":27}},"loc":{"start":{"line":3,"column":46},"end":{"line":16,"column":1}},"line":3}},"branchMap":{"0":{"loc":{"start":{"line":6,"column":4},"end":{"line":8,"column":5}},"type":"if","locations":[{"start":{"line":6,"column":4},"end":{"line":8,"column":5}},{"start":{},"end":{}}],"line":6},"1":{"loc":{"start":{"line":6,"column":8},"end":{"line":6,"column":59}},"type":"binary-expr","locations":[{"start":{"line":6,"column":8},"end":{"line":6,"column":15}},{"start":{"line":6,"column":19},"end":{"line":6,"column":24}},{"start":{"line":6,"column":28},"end":{"line":6,"column":34}},{"start":{"line":6,"column":38},"end":{"line":6,"column":47}},{"start":{"line":6,"column":51},"end":{"line":6,"column":59}}],"line":6}},"s":{"0":1,"1":1,"2":3,"3":3,"4":1,"5":2,"6":2,"7":1,"8":1,"9":1},"f":{"0":3},"b":{"0":[1,2],"1":[3,3,3,3,2]},"_coverageSchema":"1a1c01bbd47fc00a2c39e90264f33305004495a9","hash":"e03590bc1ef88f11cc9be14dbdc637d3865d214d"}
,"E:\\DGF\\DGF_Backend\\controllers\\assignCourseController.js": {"path":"E:\\DGF\\DGF_Backend\\controllers\\assignCourseController.js","statementMap":{"0":{"start":{"line":3,"column":25},"end":{"line":3,"column":67}},"1":{"start":{"line":5,"column":25},"end":{"line":47,"column":1}},"2":{"start":{"line":15,"column":6},"end":{"line":15,"column":14}},"3":{"start":{"line":18,"column":2},"end":{"line":20,"column":3}},"4":{"start":{"line":19,"column":4},"end":{"line":19,"column":70}},"5":{"start":{"line":22,"column":2},"end":{"line":46,"column":3}},"6":{"start":{"line":23,"column":19},"end":{"line":32,"column":6}},"7":{"start":{"line":34,"column":4},"end":{"line":40,"column":7}},"8":{"start":{"line":42,"column":4},"end":{"line":45,"column":7}},"9":{"start":{"line":49,"column":0},"end":{"line":51,"column":2}}},"fnMap":{"0":{"name":"(anonymous_0)","decl":{"start":{"line":5,"column":25},"end":{"line":5,"column":26}},"loc":{"start":{"line":5,"column":45},"end":{"line":47,"column":1}},"line":5}},"branchMap":{"0":{"loc":{"start":{"line":18,"column":2},"end":{"line":20,"column":3}},"type":"if","locations":[{"start":{"line":18,"column":2},"end":{"line":20,"column":3}},{"start":{},"end":{}}],"line":18},"1":{"loc":{"start":{"line":18,"column":6},"end":{"line":18,"column":78}},"type":"binary-expr","locations":[{"start":{"line":18,"column":6},"end":{"line":18,"column":16}},{"start":{"line":18,"column":20},"end":{"line":18,"column":32}},{"start":{"line":18,"column":36},"end":{"line":18,"column":46}},{"start":{"line":18,"column":50},"end":{"line":18,"column":60}},{"start":{"line":18,"column":64},"end":{"line":18,"column":78}}],"line":18}},"s":{"0":1,"1":1,"2":3,"3":3,"4":1,"5":2,"6":2,"7":1,"8":1,"9":1},"f":{"0":3},"b":{"0":[1,2],"1":[3,2,2,2,2]},"_coverageSchema":"1a1c01bbd47fc00a2c39e90264f33305004495a9","hash":"cc3a9e5497b26c1c1432ad9375848dd28e201810"}
,"E:\\DGF\\DGF_Backend\\controllers\\authController.js": {"path":"E:\\DGF\\DGF_Backend\\controllers\\authController.js","statementMap":{"0":{"start":{"line":1,"column":29},"end":{"line":1,"column":63}},"1":{"start":{"line":4,"column":14},"end":{"line":19,"column":1}},"2":{"start":{"line":5,"column":32},"end":{"line":5,"column":40}},"3":{"start":{"line":7,"column":4},"end":{"line":9,"column":5}},"4":{"start":{"line":8,"column":8},"end":{"line":8,"column":84}},"5":{"start":{"line":11,"column":4},"end":{"line":18,"column":7}},"6":{"start":{"line":12,"column":8},"end":{"line":14,"column":9}},"7":{"start":{"line":13,"column":12},"end":{"line":13,"column":58}},"8":{"start":{"line":17,"column":8},"end":{"line":17,"column":75}},"9":{"start":{"line":21,"column":0},"end":{"line":23,"column":2}}},"fnMap":{"0":{"name":"(anonymous_0)","decl":{"start":{"line":4,"column":14},"end":{"line":4,"column":15}},"loc":{"start":{"line":4,"column":28},"end":{"line":19,"column":1}},"line":4},"1":{"name":"(anonymous_1)","decl":{"start":{"line":11,"column":38},"end":{"line":11,"column":39}},"loc":{"start":{"line":11,"column":53},"end":{"line":18,"column":5}},"line":11}},"branchMap":{"0":{"loc":{"start":{"line":7,"column":4},"end":{"line":9,"column":5}},"type":"if","locations":[{"start":{"line":7,"column":4},"end":{"line":9,"column":5}},{"start":{},"end":{}}],"line":7},"1":{"loc":{"start":{"line":7,"column":8},"end":{"line":7,"column":27}},"type":"binary-expr","locations":[{"start":{"line":7,"column":8},"end":{"line":7,"column":14}},{"start":{"line":7,"column":18},"end":{"line":7,"column":27}}],"line":7},"2":{"loc":{"start":{"line":12,"column":8},"end":{"line":14,"column":9}},"type":"if","locations":[{"start":{"line":12,"column":8},"end":{"line":14,"column":9}},{"start":{},"end":{}}],"line":12}},"s":{"0":1,"1":1,"2":3,"3":3,"4":1,"5":2,"6":2,"7":1,"8":1,"9":1},"f":{"0":3,"1":2},"b":{"0":[1,2],"1":[3,2],"2":[1,1]},"_coverageSchema":"1a1c01bbd47fc00a2c39e90264f33305004495a9","hash":"b89325bf51e066e9e48429e37679f4a0c3eb54f6"}
,"E:\\DGF\\DGF_Backend\\controllers\\commentController.js": {"path":"E:\\DGF\\DGF_Backend\\controllers\\commentController.js","statementMap":{"0":{"start":{"line":2,"column":23},"end":{"line":2,"column":60}},"1":{"start":{"line":5,"column":20},"end":{"line":13,"column":1}},"2":{"start":{"line":6,"column":2},"end":{"line":12,"column":3}},"3":{"start":{"line":7,"column":26},"end":{"line":7,"column":36}},"4":{"start":{"line":8,"column":21},"end":{"line":8,"column":75}},"5":{"start":{"line":9,"column":4},"end":{"line":9,"column":23}},"6":{"start":{"line":11,"column":4},"end":{"line":11,"column":64}},"7":{"start":{"line":16,"column":19},"end":{"line":25,"column":1}},"8":{"start":{"line":17,"column":2},"end":{"line":24,"column":3}},"9":{"start":{"line":18,"column":4},"end":{"line":18,"column":26}},"10":{"start":{"line":19,"column":85},"end":{"line":19,"column":93}},"11":{"start":{"line":20,"column":25},"end":{"line":20,"column":127}},"12":{"start":{"line":21,"column":4},"end":{"line":21,"column":94}},"13":{"start":{"line":23,"column":4},"end":{"line":23,"column":61}},"14":{"start":{"line":27,"column":0},"end":{"line":30,"column":2}}},"fnMap":{"0":{"name":"(anonymous_0)","decl":{"start":{"line":5,"column":20},"end":{"line":5,"column":21}},"loc":{"start":{"line":5,"column":40},"end":{"line":13,"column":1}},"line":5},"1":{"name":"(anonymous_1)","decl":{"start":{"line":16,"column":19},"end":{"line":16,"column":20}},"loc":{"start":{"line":16,"column":39},"end":{"line":25,"column":1}},"line":16}},"branchMap":{},"s":{"0":1,"1":1,"2":2,"3":2,"4":2,"5":1,"6":1,"7":1,"8":2,"9":2,"10":2,"11":2,"12":1,"13":1,"14":1},"f":{"0":2,"1":2},"b":{},"_coverageSchema":"1a1c01bbd47fc00a2c39e90264f33305004495a9","hash":"14792a57c211922be320fbd0f32a60977177aa48"}
,"E:\\DGF\\DGF_Backend\\controllers\\courseSearchController.js": {"path":"E:\\DGF\\DGF_Backend\\controllers\\courseSearchController.js","statementMap":{"0":{"start":{"line":2,"column":32},"end":{"line":2,"column":74}},"1":{"start":{"line":4,"column":22},"end":{"line":20,"column":1}},"2":{"start":{"line":5,"column":22},"end":{"line":5,"column":31}},"3":{"start":{"line":7,"column":4},"end":{"line":9,"column":5}},"4":{"start":{"line":8,"column":8},"end":{"line":8,"column":75}},"5":{"start":{"line":11,"column":4},"end":{"line":19,"column":5}},"6":{"start":{"line":12,"column":24},"end":{"line":12,"column":56}},"7":{"start":{"line":13,"column":8},"end":{"line":13,"column":38}},"8":{"start":{"line":15,"column":8},"end":{"line":18,"column":11}},"9":{"start":{"line":22,"column":0},"end":{"line":24,"column":2}}},"fnMap":{"0":{"name":"(anonymous_0)","decl":{"start":{"line":4,"column":22},"end":{"line":4,"column":23}},"loc":{"start":{"line":4,"column":42},"end":{"line":20,"column":1}},"line":4}},"branchMap":{"0":{"loc":{"start":{"line":7,"column":4},"end":{"line":9,"column":5}},"type":"if","locations":[{"start":{"line":7,"column":4},"end":{"line":9,"column":5}},{"start":{},"end":{}}],"line":7}},"s":{"0":1,"1":1,"2":3,"3":3,"4":1,"5":2,"6":2,"7":1,"8":1,"9":1},"f":{"0":3},"b":{"0":[1,2]},"_coverageSchema":"1a1c01bbd47fc00a2c39e90264f33305004495a9","hash":"45b80d366f2920eb9cb4d24b5a1bb927a3cf7043"}
,"E:\\DGF\\DGF_Backend\\controllers\\courseStatusController.js": {"path":"E:\\DGF\\DGF_Backend\\controllers\\courseStatusController.js","statementMap":{"0":{"start":{"line":3,"column":31},"end":{"line":3,"column":73}},"1":{"start":{"line":5,"column":27},"end":{"line":26,"column":1}},"2":{"start":{"line":6,"column":27},"end":{"line":6,"column":37}},"3":{"start":{"line":7,"column":21},"end":{"line":7,"column":29}},"4":{"start":{"line":9,"column":2},"end":{"line":13,"column":3}},"5":{"start":{"line":10,"column":4},"end":{"line":12,"column":7}},"6":{"start":{"line":15,"column":2},"end":{"line":25,"column":3}},"7":{"start":{"line":16,"column":19},"end":{"line":16,"column":65}},"8":{"start":{"line":17,"column":4},"end":{"line":17,"column":21}},"9":{"start":{"line":19,"column":4},"end":{"line":19,"column":49}},"10":{"start":{"line":20,"column":23},"end":{"line":20,"column":75}},"11":{"start":{"line":21,"column":4},"end":{"line":24,"column":7}},"12":{"start":{"line":28,"column":0},"end":{"line":28,"column":40}}},"fnMap":{"0":{"name":"(anonymous_0)","decl":{"start":{"line":5,"column":27},"end":{"line":5,"column":28}},"loc":{"start":{"line":5,"column":47},"end":{"line":26,"column":1}},"line":5}},"branchMap":{"0":{"loc":{"start":{"line":9,"column":2},"end":{"line":13,"column":3}},"type":"if","locations":[{"start":{"line":9,"column":2},"end":{"line":13,"column":3}},{"start":{},"end":{}}],"line":9},"1":{"loc":{"start":{"line":9,"column":6},"end":{"line":9,"column":30}},"type":"binary-expr","locations":[{"start":{"line":9,"column":6},"end":{"line":9,"column":19}},{"start":{"line":9,"column":23},"end":{"line":9,"column":30}}],"line":9},"2":{"loc":{"start":{"line":20,"column":23},"end":{"line":20,"column":75}},"type":"cond-expr","locations":[{"start":{"line":20,"column":66},"end":{"line":20,"column":69}},{"start":{"line":20,"column":72},"end":{"line":20,"column":75}}],"line":20},"3":{"loc":{"start":{"line":23,"column":15},"end":{"line":23,"column":79}},"type":"cond-expr","locations":[{"start":{"line":23,"column":56},"end":{"line":23,"column":67}},{"start":{"line":23,"column":70},"end":{"line":23,"column":79}}],"line":23}},"s":{"0":1,"1":1,"2":4,"3":4,"4":4,"5":1,"6":3,"7":3,"8":1,"9":2,"10":2,"11":2,"12":1},"f":{"0":4},"b":{"0":[1,3],"1":[4,3],"2":[1,1],"3":[1,1]},"_coverageSchema":"1a1c01bbd47fc00a2c39e90264f33305004495a9","hash":"acfe269ca362856cf57bf8f1a3533e9236f517c8"}
,"E:\\DGF\\DGF_Backend\\controllers\\courseTypeController.js": {"path":"E:\\DGF\\DGF_Backend\\controllers\\courseTypeController.js","statementMap":{"0":{"start":{"line":2,"column":30},"end":{"line":2,"column":70}},"1":{"start":{"line":4,"column":23},"end":{"line":14,"column":1}},"2":{"start":{"line":5,"column":4},"end":{"line":13,"column":5}},"3":{"start":{"line":6,"column":28},"end":{"line":6,"column":53}},"4":{"start":{"line":7,"column":8},"end":{"line":7,"column":42}},"5":{"start":{"line":9,"column":8},"end":{"line":12,"column":11}},"6":{"start":{"line":16,"column":0},"end":{"line":18,"column":2}}},"fnMap":{"0":{"name":"(anonymous_0)","decl":{"start":{"line":4,"column":23},"end":{"line":4,"column":24}},"loc":{"start":{"line":4,"column":43},"end":{"line":14,"column":1}},"line":4}},"branchMap":{},"s":{"0":1,"1":1,"2":2,"3":2,"4":1,"5":1,"6":1},"f":{"0":2},"b":{},"_coverageSchema":"1a1c01bbd47fc00a2c39e90264f33305004495a9","hash":"f6b1efb9d5179e4771723a29eb0e9d350ea8db5c"}
,"E:\\DGF\\DGF_Backend\\controllers\\emailController.js": {"path":"E:\\DGF\\DGF_Backend\\controllers\\emailController.js","statementMap":{"0":{"start":{"line":2,"column":22},"end":{"line":2,"column":56}},"1":{"start":{"line":4,"column":21},"end":{"line":42,"column":1}},"2":{"start":{"line":5,"column":22},"end":{"line":5,"column":30}},"3":{"start":{"line":6,"column":2},"end":{"line":6,"column":44}},"4":{"start":{"line":7,"column":2},"end":{"line":7,"column":37}},"5":{"start":{"line":10,"column":20},"end":{"line":10,"column":22}},"6":{"start":{"line":11,"column":28},"end":{"line":11,"column":30}},"7":{"start":{"line":12,"column":18},"end":{"line":12,"column":51}},"8":{"start":{"line":14,"column":2},"end":{"line":41,"column":3}},"9":{"start":{"line":16,"column":4},"end":{"line":24,"column":6}},"10":{"start":{"line":27,"column":4},"end":{"line":34,"column":6}},"11":{"start":{"line":37,"column":4},"end":{"line":37,"column":76}},"12":{"start":{"line":39,"column":4},"end":{"line":39,"column":56}},"13":{"start":{"line":40,"column":4},"end":{"line":40,"column":66}},"14":{"start":{"line":44,"column":0},"end":{"line":44,"column":34}}},"fnMap":{"0":{"name":"(anonymous_0)","decl":{"start":{"line":4,"column":21},"end":{"line":4,"column":22}},"loc":{"start":{"line":4,"column":41},"end":{"line":42,"column":1}},"line":4}},"branchMap":{},"s":{"0":1,"1":1,"2":2,"3":2,"4":2,"5":2,"6":2,"7":2,"8":2,"9":2,"10":1,"11":1,"12":1,"13":1,"14":1},"f":{"0":2},"b":{},"_coverageSchema":"1a1c01bbd47fc00a2c39e90264f33305004495a9","hash":"cb6b45b1c054ed0fe30632d8643dfc9f9f7f85a2"}
,"E:\\DGF\\DGF_Backend\\controllers\\emailSearchWithoutManagerIdController.js": {"path":"E:\\DGF\\DGF_Backend\\controllers\\emailSearchWithoutManagerIdController.js","statementMap":{"0":{"start":{"line":1,"column":39},"end":{"line":1,"column":96}},"1":{"start":{"line":4,"column":45},"end":{"line":17,"column":1}},"2":{"start":{"line":5,"column":22},"end":{"line":5,"column":31}},"3":{"start":{"line":7,"column":4},"end":{"line":9,"column":5}},"4":{"start":{"line":8,"column":8},"end":{"line":8,"column":68}},"5":{"start":{"line":11,"column":4},"end":{"line":16,"column":5}},"6":{"start":{"line":12,"column":26},"end":{"line":12,"column":65}},"7":{"start":{"line":13,"column":8},"end":{"line":13,"column":40}},"8":{"start":{"line":15,"column":8},"end":{"line":15,"column":116}},"9":{"start":{"line":19,"column":0},"end":{"line":21,"column":2}}},"fnMap":{"0":{"name":"(anonymous_0)","decl":{"start":{"line":4,"column":45},"end":{"line":4,"column":46}},"loc":{"start":{"line":4,"column":65},"end":{"line":17,"column":1}},"line":4}},"branchMap":{"0":{"loc":{"start":{"line":7,"column":4},"end":{"line":9,"column":5}},"type":"if","locations":[{"start":{"line":7,"column":4},"end":{"line":9,"column":5}},{"start":{},"end":{}}],"line":7}},"s":{"0":1,"1":1,"2":3,"3":3,"4":1,"5":2,"6":2,"7":1,"8":1,"9":1},"f":{"0":3},"b":{"0":[1,2]},"_coverageSchema":"1a1c01bbd47fc00a2c39e90264f33305004495a9","hash":"ca7cdc6521571fa2e65fe8cf47bcee2073106c70"}
,"E:\\DGF\\DGF_Backend\\controllers\\empDeleteTrainingRequestedController.js": {"path":"E:\\DGF\\DGF_Backend\\controllers\\empDeleteTrainingRequestedController.js","statementMap":{"0":{"start":{"line":1,"column":46},"end":{"line":1,"column":102}},"1":{"start":{"line":3,"column":23},"end":{"line":15,"column":1}},"2":{"start":{"line":4,"column":33},"end":{"line":4,"column":41}},"3":{"start":{"line":5,"column":4},"end":{"line":7,"column":5}},"4":{"start":{"line":6,"column":8},"end":{"line":6,"column":90}},"5":{"start":{"line":9,"column":4},"end":{"line":14,"column":5}},"6":{"start":{"line":10,"column":23},"end":{"line":10,"column":80}},"7":{"start":{"line":11,"column":8},"end":{"line":11,"column":105}},"8":{"start":{"line":13,"column":8},"end":{"line":13,"column":98}},"9":{"start":{"line":17,"column":0},"end":{"line":19,"column":2}}},"fnMap":{"0":{"name":"(anonymous_0)","decl":{"start":{"line":3,"column":23},"end":{"line":3,"column":24}},"loc":{"start":{"line":3,"column":43},"end":{"line":15,"column":1}},"line":3}},"branchMap":{"0":{"loc":{"start":{"line":5,"column":4},"end":{"line":7,"column":5}},"type":"if","locations":[{"start":{"line":5,"column":4},"end":{"line":7,"column":5}},{"start":{},"end":{}}],"line":5},"1":{"loc":{"start":{"line":5,"column":8},"end":{"line":5,"column":28}},"type":"binary-expr","locations":[{"start":{"line":5,"column":8},"end":{"line":5,"column":14}},{"start":{"line":5,"column":18},"end":{"line":5,"column":28}}],"line":5}},"s":{"0":1,"1":1,"2":3,"3":3,"4":1,"5":2,"6":2,"7":1,"8":1,"9":1},"f":{"0":3},"b":{"0":[1,2],"1":[3,2]},"_coverageSchema":"1a1c01bbd47fc00a2c39e90264f33305004495a9","hash":"7399128c94ce588fa6e28c31effb4c686f66f274"}
,"E:\\DGF\\DGF_Backend\\controllers\\empNewTrainingRequestedController.js": {"path":"E:\\DGF\\DGF_Backend\\controllers\\empNewTrainingRequestedController.js","statementMap":{"0":{"start":{"line":1,"column":50},"end":{"line":1,"column":103}},"1":{"start":{"line":4,"column":30},"end":{"line":17,"column":1}},"2":{"start":{"line":5,"column":22},"end":{"line":5,"column":30}},"3":{"start":{"line":7,"column":4},"end":{"line":9,"column":5}},"4":{"start":{"line":8,"column":8},"end":{"line":8,"column":91}},"5":{"start":{"line":11,"column":4},"end":{"line":16,"column":5}},"6":{"start":{"line":12,"column":8},"end":{"line":12,"column":63}},"7":{"start":{"line":13,"column":8},"end":{"line":13,"column":85}},"8":{"start":{"line":15,"column":8},"end":{"line":15,"column":123}},"9":{"start":{"line":19,"column":0},"end":{"line":21,"column":2}}},"fnMap":{"0":{"name":"(anonymous_0)","decl":{"start":{"line":4,"column":30},"end":{"line":4,"column":31}},"loc":{"start":{"line":4,"column":50},"end":{"line":17,"column":1}},"line":4}},"branchMap":{"0":{"loc":{"start":{"line":7,"column":4},"end":{"line":9,"column":5}},"type":"if","locations":[{"start":{"line":7,"column":4},"end":{"line":9,"column":5}},{"start":{},"end":{}}],"line":7},"1":{"loc":{"start":{"line":7,"column":8},"end":{"line":7,"column":59}},"type":"binary-expr","locations":[{"start":{"line":7,"column":8},"end":{"line":7,"column":33}},{"start":{"line":7,"column":37},"end":{"line":7,"column":59}}],"line":7}},"s":{"0":1,"1":1,"2":4,"3":4,"4":2,"5":2,"6":2,"7":1,"8":1,"9":1},"f":{"0":4},"b":{"0":[2,2],"1":[4,3]},"_coverageSchema":"1a1c01bbd47fc00a2c39e90264f33305004495a9","hash":"839917e1e5fe1c227b6ad2e03faf329e6f367da7"}
,"E:\\DGF\\DGF_Backend\\controllers\\empUpdateTrainingRequestedController.js": {"path":"E:\\DGF\\DGF_Backend\\controllers\\empUpdateTrainingRequestedController.js","statementMap":{"0":{"start":{"line":1,"column":50},"end":{"line":1,"column":106}},"1":{"start":{"line":4,"column":39},"end":{"line":17,"column":1}},"2":{"start":{"line":5,"column":22},"end":{"line":5,"column":30}},"3":{"start":{"line":7,"column":4},"end":{"line":9,"column":5}},"4":{"start":{"line":8,"column":8},"end":{"line":8,"column":91}},"5":{"start":{"line":11,"column":4},"end":{"line":16,"column":5}},"6":{"start":{"line":12,"column":23},"end":{"line":12,"column":77}},"7":{"start":{"line":13,"column":8},"end":{"line":13,"column":92}},"8":{"start":{"line":15,"column":8},"end":{"line":15,"column":122}},"9":{"start":{"line":19,"column":0},"end":{"line":21,"column":2}}},"fnMap":{"0":{"name":"(anonymous_0)","decl":{"start":{"line":4,"column":39},"end":{"line":4,"column":40}},"loc":{"start":{"line":4,"column":59},"end":{"line":17,"column":1}},"line":4}},"branchMap":{"0":{"loc":{"start":{"line":7,"column":4},"end":{"line":9,"column":5}},"type":"if","locations":[{"start":{"line":7,"column":4},"end":{"line":9,"column":5}},{"start":{},"end":{}}],"line":7},"1":{"loc":{"start":{"line":7,"column":8},"end":{"line":7,"column":59}},"type":"binary-expr","locations":[{"start":{"line":7,"column":8},"end":{"line":7,"column":33}},{"start":{"line":7,"column":37},"end":{"line":7,"column":59}}],"line":7}},"s":{"0":1,"1":1,"2":4,"3":4,"4":2,"5":2,"6":2,"7":1,"8":1,"9":1},"f":{"0":4},"b":{"0":[2,2],"1":[4,3]},"_coverageSchema":"1a1c01bbd47fc00a2c39e90264f33305004495a9","hash":"6640d10aa6af0adab147eeb6dda3ea8cf16e1157"}
,"E:\\DGF\\DGF_Backend\\controllers\\employeeController.js": {"path":"E:\\DGF\\DGF_Backend\\controllers\\employeeController.js","statementMap":{"0":{"start":{"line":1,"column":38},"end":{"line":1,"column":87}},"1":{"start":{"line":3,"column":44},"end":{"line":19,"column":1}},"2":{"start":{"line":4,"column":31},"end":{"line":4,"column":40}},"3":{"start":{"line":6,"column":4},"end":{"line":8,"column":5}},"4":{"start":{"line":7,"column":8},"end":{"line":7,"column":79}},"5":{"start":{"line":10,"column":4},"end":{"line":18,"column":5}},"6":{"start":{"line":11,"column":25},"end":{"line":11,"column":78}},"7":{"start":{"line":11,"column":61},"end":{"line":11,"column":77}},"8":{"start":{"line":12,"column":8},"end":{"line":12,"column":59}},"9":{"start":{"line":13,"column":26},"end":{"line":13,"column":67}},"10":{"start":{"line":14,"column":8},"end":{"line":14,"column":40}},"11":{"start":{"line":16,"column":8},"end":{"line":16,"column":60}},"12":{"start":{"line":17,"column":8},"end":{"line":17,"column":112}},"13":{"start":{"line":21,"column":0},"end":{"line":23,"column":2}}},"fnMap":{"0":{"name":"(anonymous_0)","decl":{"start":{"line":3,"column":44},"end":{"line":3,"column":45}},"loc":{"start":{"line":3,"column":64},"end":{"line":19,"column":1}},"line":3},"1":{"name":"(anonymous_1)","decl":{"start":{"line":11,"column":55},"end":{"line":11,"column":56}},"loc":{"start":{"line":11,"column":61},"end":{"line":11,"column":77}},"line":11}},"branchMap":{"0":{"loc":{"start":{"line":6,"column":4},"end":{"line":8,"column":5}},"type":"if","locations":[{"start":{"line":6,"column":4},"end":{"line":8,"column":5}},{"start":{},"end":{}}],"line":6}},"s":{"0":1,"1":1,"2":3,"3":3,"4":1,"5":2,"6":2,"7":6,"8":2,"9":2,"10":1,"11":1,"12":1,"13":1},"f":{"0":3,"1":6},"b":{"0":[1,2]},"_coverageSchema":"1a1c01bbd47fc00a2c39e90264f33305004495a9","hash":"901b7d669e5726eb61c2ef6d99b9bcd5a7049d7a"}
,"E:\\DGF\\DGF_Backend\\controllers\\employeeLevelController.js": {"path":"E:\\DGF\\DGF_Backend\\controllers\\employeeLevelController.js","statementMap":{"0":{"start":{"line":2,"column":29},"end":{"line":2,"column":72}},"1":{"start":{"line":4,"column":0},"end":{"line":15,"column":2}},"2":{"start":{"line":5,"column":4},"end":{"line":14,"column":5}},"3":{"start":{"line":6,"column":26},"end":{"line":6,"column":70}},"4":{"start":{"line":7,"column":8},"end":{"line":9,"column":9}},"5":{"start":{"line":8,"column":12},"end":{"line":8,"column":77}},"6":{"start":{"line":10,"column":8},"end":{"line":10,"column":40}},"7":{"start":{"line":12,"column":8},"end":{"line":12,"column":27}},"8":{"start":{"line":13,"column":8},"end":{"line":13,"column":67}}},"fnMap":{"0":{"name":"(anonymous_0)","decl":{"start":{"line":4,"column":26},"end":{"line":4,"column":27}},"loc":{"start":{"line":4,"column":46},"end":{"line":15,"column":1}},"line":4}},"branchMap":{"0":{"loc":{"start":{"line":7,"column":8},"end":{"line":9,"column":9}},"type":"if","locations":[{"start":{"line":7,"column":8},"end":{"line":9,"column":9}},{"start":{},"end":{}}],"line":7}},"s":{"0":1,"1":1,"2":3,"3":3,"4":2,"5":1,"6":1,"7":1,"8":1},"f":{"0":3},"b":{"0":[1,1]},"_coverageSchema":"1a1c01bbd47fc00a2c39e90264f33305004495a9","hash":"71173056f9db24ee9a57b29c30e90a19859e1632"}
,"E:\\DGF\\DGF_Backend\\controllers\\employeeSearchByEmailController.js": {"path":"E:\\DGF\\DGF_Backend\\controllers\\employeeSearchByEmailController.js","statementMap":{"0":{"start":{"line":1,"column":47},"end":{"line":1,"column":98}},"1":{"start":{"line":3,"column":24},"end":{"line":16,"column":1}},"2":{"start":{"line":4,"column":39},"end":{"line":4,"column":48}},"3":{"start":{"line":6,"column":4},"end":{"line":8,"column":5}},"4":{"start":{"line":7,"column":8},"end":{"line":7,"column":91}},"5":{"start":{"line":10,"column":4},"end":{"line":15,"column":5}},"6":{"start":{"line":11,"column":24},"end":{"line":11,"column":88}},"7":{"start":{"line":12,"column":8},"end":{"line":12,"column":38}},"8":{"start":{"line":14,"column":8},"end":{"line":14,"column":112}},"9":{"start":{"line":18,"column":0},"end":{"line":20,"column":2}}},"fnMap":{"0":{"name":"(anonymous_0)","decl":{"start":{"line":3,"column":24},"end":{"line":3,"column":25}},"loc":{"start":{"line":3,"column":44},"end":{"line":16,"column":1}},"line":3}},"branchMap":{"0":{"loc":{"start":{"line":6,"column":4},"end":{"line":8,"column":5}},"type":"if","locations":[{"start":{"line":6,"column":4},"end":{"line":8,"column":5}},{"start":{},"end":{}}],"line":6},"1":{"loc":{"start":{"line":6,"column":8},"end":{"line":6,"column":34}},"type":"binary-expr","locations":[{"start":{"line":6,"column":8},"end":{"line":6,"column":18}},{"start":{"line":6,"column":22},"end":{"line":6,"column":34}}],"line":6}},"s":{"0":1,"1":1,"2":4,"3":4,"4":2,"5":2,"6":2,"7":1,"8":1,"9":1},"f":{"0":4},"b":{"0":[2,2],"1":[4,3]},"_coverageSchema":"1a1c01bbd47fc00a2c39e90264f33305004495a9","hash":"7440ad908975376f3a98c7ef759b01757816eee9"}
,"E:\\DGF\\DGF_Backend\\controllers\\employeeSearchByNameController.js": {"path":"E:\\DGF\\DGF_Backend\\controllers\\employeeSearchByNameController.js","statementMap":{"0":{"start":{"line":1,"column":34},"end":{"line":1,"column":84}},"1":{"start":{"line":3,"column":24},"end":{"line":16,"column":1}},"2":{"start":{"line":4,"column":32},"end":{"line":4,"column":41}},"3":{"start":{"line":6,"column":4},"end":{"line":8,"column":5}},"4":{"start":{"line":7,"column":8},"end":{"line":7,"column":83}},"5":{"start":{"line":10,"column":4},"end":{"line":15,"column":5}},"6":{"start":{"line":11,"column":24},"end":{"line":11,"column":68}},"7":{"start":{"line":12,"column":8},"end":{"line":12,"column":38}},"8":{"start":{"line":14,"column":8},"end":{"line":14,"column":115}},"9":{"start":{"line":18,"column":0},"end":{"line":20,"column":2}}},"fnMap":{"0":{"name":"(anonymous_0)","decl":{"start":{"line":3,"column":24},"end":{"line":3,"column":25}},"loc":{"start":{"line":3,"column":44},"end":{"line":16,"column":1}},"line":3}},"branchMap":{"0":{"loc":{"start":{"line":6,"column":4},"end":{"line":8,"column":5}},"type":"if","locations":[{"start":{"line":6,"column":4},"end":{"line":8,"column":5}},{"start":{},"end":{}}],"line":6},"1":{"loc":{"start":{"line":6,"column":8},"end":{"line":6,"column":27}},"type":"binary-expr","locations":[{"start":{"line":6,"column":8},"end":{"line":6,"column":18}},{"start":{"line":6,"column":22},"end":{"line":6,"column":27}}],"line":6}},"s":{"0":1,"1":1,"2":4,"3":4,"4":2,"5":2,"6":2,"7":1,"8":1,"9":1},"f":{"0":4},"b":{"0":[2,2],"1":[4,3]},"_coverageSchema":"1a1c01bbd47fc00a2c39e90264f33305004495a9","hash":"d26dbd9eab30ad73c6246756a464ced74eb84dd8"}
,"E:\\DGF\\DGF_Backend\\controllers\\employeeWithoutManagerController.js": {"path":"E:\\DGF\\DGF_Backend\\controllers\\employeeWithoutManagerController.js","statementMap":{"0":{"start":{"line":1,"column":48},"end":{"line":1,"column":106}},"1":{"start":{"line":3,"column":41},"end":{"line":11,"column":1}},"2":{"start":{"line":4,"column":21},"end":{"line":4,"column":30}},"3":{"start":{"line":5,"column":4},"end":{"line":10,"column":5}},"4":{"start":{"line":6,"column":26},"end":{"line":6,"column":73}},"5":{"start":{"line":7,"column":8},"end":{"line":7,"column":40}},"6":{"start":{"line":9,"column":8},"end":{"line":9,"column":55}},"7":{"start":{"line":13,"column":0},"end":{"line":15,"column":2}}},"fnMap":{"0":{"name":"(anonymous_0)","decl":{"start":{"line":3,"column":41},"end":{"line":3,"column":42}},"loc":{"start":{"line":3,"column":61},"end":{"line":11,"column":1}},"line":3}},"branchMap":{},"s":{"0":1,"1":1,"2":2,"3":2,"4":2,"5":1,"6":1,"7":1},"f":{"0":2},"b":{},"_coverageSchema":"1a1c01bbd47fc00a2c39e90264f33305004495a9","hash":"8649d5bed796b5c2fcfc6a5c7f8a00b0b2f1a84c"}
,"E:\\DGF\\DGF_Backend\\controllers\\excelExportController.js": {"path":"E:\\DGF\\DGF_Backend\\controllers\\excelExportController.js","statementMap":{"0":{"start":{"line":3,"column":27},"end":{"line":3,"column":68}},"1":{"start":{"line":6,"column":24},"end":{"line":22,"column":1}},"2":{"start":{"line":7,"column":2},"end":{"line":21,"column":5}},"3":{"start":{"line":8,"column":4},"end":{"line":10,"column":5}},"4":{"start":{"line":9,"column":6},"end":{"line":9,"column":78}},"5":{"start":{"line":13,"column":4},"end":{"line":20,"column":7}},"6":{"start":{"line":14,"column":6},"end":{"line":16,"column":7}},"7":{"start":{"line":15,"column":8},"end":{"line":15,"column":54}},"8":{"start":{"line":24,"column":0},"end":{"line":26,"column":2}}},"fnMap":{"0":{"name":"(anonymous_0)","decl":{"start":{"line":6,"column":24},"end":{"line":6,"column":25}},"loc":{"start":{"line":6,"column":38},"end":{"line":22,"column":1}},"line":6},"1":{"name":"(anonymous_1)","decl":{"start":{"line":7,"column":35},"end":{"line":7,"column":36}},"loc":{"start":{"line":7,"column":54},"end":{"line":21,"column":3}},"line":7},"2":{"name":"(anonymous_2)","decl":{"start":{"line":13,"column":49},"end":{"line":13,"column":50}},"loc":{"start":{"line":13,"column":58},"end":{"line":20,"column":5}},"line":13}},"branchMap":{"0":{"loc":{"start":{"line":8,"column":4},"end":{"line":10,"column":5}},"type":"if","locations":[{"start":{"line":8,"column":4},"end":{"line":10,"column":5}},{"start":{},"end":{}}],"line":8},"1":{"loc":{"start":{"line":14,"column":6},"end":{"line":16,"column":7}},"type":"if","locations":[{"start":{"line":14,"column":6},"end":{"line":16,"column":7}},{"start":{},"end":{}}],"line":14}},"s":{"0":1,"1":1,"2":3,"3":3,"4":1,"5":2,"6":2,"7":1,"8":1},"f":{"0":3,"1":3,"2":2},"b":{"0":[1,2],"1":[1,1]},"_coverageSchema":"1a1c01bbd47fc00a2c39e90264f33305004495a9","hash":"8ff88f317d6cda592da1f268a1f90aa6ae836c3d"}
,"E:\\DGF\\DGF_Backend\\controllers\\getAllTrainingRequestsController.js": {"path":"E:\\DGF\\DGF_Backend\\controllers\\getAllTrainingRequestsController.js","statementMap":{"0":{"start":{"line":1,"column":35},"end":{"line":1,"column":87}},"1":{"start":{"line":3,"column":23},"end":{"line":10,"column":1}},"2":{"start":{"line":4,"column":4},"end":{"line":9,"column":5}},"3":{"start":{"line":5,"column":24},"end":{"line":5,"column":54}},"4":{"start":{"line":6,"column":8},"end":{"line":6,"column":38}},"5":{"start":{"line":8,"column":8},"end":{"line":8,"column":120}},"6":{"start":{"line":12,"column":0},"end":{"line":14,"column":2}}},"fnMap":{"0":{"name":"(anonymous_0)","decl":{"start":{"line":3,"column":23},"end":{"line":3,"column":24}},"loc":{"start":{"line":3,"column":43},"end":{"line":10,"column":1}},"line":3}},"branchMap":{},"s":{"0":1,"1":1,"2":2,"3":2,"4":1,"5":1,"6":1},"f":{"0":2},"b":{},"_coverageSchema":"1a1c01bbd47fc00a2c39e90264f33305004495a9","hash":"f27dbc340c188400b5f234842e8f87cafd41a946"}
,"E:\\DGF\\DGF_Backend\\controllers\\getEmpDetailsCommentController.js": {"path":"E:\\DGF\\DGF_Backend\\controllers\\getEmpDetailsCommentController.js","statementMap":{"0":{"start":{"line":1,"column":28},"end":{"line":1,"column":78}},"1":{"start":{"line":3,"column":34},"end":{"line":16,"column":1}},"2":{"start":{"line":4,"column":22},"end":{"line":4,"column":32}},"3":{"start":{"line":5,"column":4},"end":{"line":5,"column":31}},"4":{"start":{"line":6,"column":4},"end":{"line":8,"column":5}},"5":{"start":{"line":7,"column":8},"end":{"line":7,"column":74}},"6":{"start":{"line":10,"column":4},"end":{"line":15,"column":5}},"7":{"start":{"line":11,"column":24},"end":{"line":11,"column":52}},"8":{"start":{"line":12,"column":8},"end":{"line":12,"column":38}},"9":{"start":{"line":14,"column":8},"end":{"line":14,"column":107}},"10":{"start":{"line":18,"column":0},"end":{"line":20,"column":2}}},"fnMap":{"0":{"name":"(anonymous_0)","decl":{"start":{"line":3,"column":34},"end":{"line":3,"column":35}},"loc":{"start":{"line":3,"column":54},"end":{"line":16,"column":1}},"line":3}},"branchMap":{"0":{"loc":{"start":{"line":6,"column":4},"end":{"line":8,"column":5}},"type":"if","locations":[{"start":{"line":6,"column":4},"end":{"line":8,"column":5}},{"start":{},"end":{}}],"line":6}},"s":{"0":1,"1":1,"2":3,"3":3,"4":3,"5":1,"6":2,"7":2,"8":1,"9":1,"10":1},"f":{"0":3},"b":{"0":[1,2]},"_coverageSchema":"1a1c01bbd47fc00a2c39e90264f33305004495a9","hash":"28ba2bdd9f5dccd78de425c502393f5cf007c5e2"}
,"E:\\DGF\\DGF_Backend\\controllers\\getEmpLearningCompletionController.js": {"path":"E:\\DGF\\DGF_Backend\\controllers\\getEmpLearningCompletionController.js","statementMap":{"0":{"start":{"line":3,"column":24},"end":{"line":3,"column":78}},"1":{"start":{"line":5,"column":36},"end":{"line":13,"column":1}},"2":{"start":{"line":6,"column":24},"end":{"line":6,"column":34}},"3":{"start":{"line":7,"column":2},"end":{"line":12,"column":3}},"4":{"start":{"line":8,"column":19},"end":{"line":8,"column":79}},"5":{"start":{"line":9,"column":4},"end":{"line":9,"column":33}},"6":{"start":{"line":11,"column":4},"end":{"line":11,"column":90}},"7":{"start":{"line":15,"column":0},"end":{"line":15,"column":49}}},"fnMap":{"0":{"name":"(anonymous_0)","decl":{"start":{"line":5,"column":36},"end":{"line":5,"column":37}},"loc":{"start":{"line":5,"column":56},"end":{"line":13,"column":1}},"line":5}},"branchMap":{},"s":{"0":1,"1":1,"2":2,"3":2,"4":2,"5":1,"6":1,"7":1},"f":{"0":2},"b":{},"_coverageSchema":"1a1c01bbd47fc00a2c39e90264f33305004495a9","hash":"86010b9bc272ebd7b794ae4cab65305706f6b92f"}
,"E:\\DGF\\DGF_Backend\\controllers\\getEmpNewTrainingRequestedController.js": {"path":"E:\\DGF\\DGF_Backend\\controllers\\getEmpNewTrainingRequestedController.js","statementMap":{"0":{"start":{"line":1,"column":50},"end":{"line":1,"column":106}},"1":{"start":{"line":4,"column":35},"end":{"line":17,"column":1}},"2":{"start":{"line":5,"column":26},"end":{"line":5,"column":35}},"3":{"start":{"line":7,"column":4},"end":{"line":9,"column":5}},"4":{"start":{"line":8,"column":8},"end":{"line":8,"column":73}},"5":{"start":{"line":11,"column":4},"end":{"line":16,"column":5}},"6":{"start":{"line":12,"column":21},"end":{"line":12,"column":75}},"7":{"start":{"line":13,"column":8},"end":{"line":13,"column":35}},"8":{"start":{"line":15,"column":8},"end":{"line":15,"column":107}},"9":{"start":{"line":19,"column":0},"end":{"line":21,"column":2}}},"fnMap":{"0":{"name":"(anonymous_0)","decl":{"start":{"line":4,"column":35},"end":{"line":4,"column":36}},"loc":{"start":{"line":4,"column":55},"end":{"line":17,"column":1}},"line":4}},"branchMap":{"0":{"loc":{"start":{"line":7,"column":4},"end":{"line":9,"column":5}},"type":"if","locations":[{"start":{"line":7,"column":4},"end":{"line":9,"column":5}},{"start":{},"end":{}}],"line":7}},"s":{"0":1,"1":1,"2":3,"3":3,"4":1,"5":2,"6":2,"7":1,"8":1,"9":1},"f":{"0":3},"b":{"0":[1,2]},"_coverageSchema":"1a1c01bbd47fc00a2c39e90264f33305004495a9","hash":"b02ef70efee406d84cd7a0c6bfb9c4fa3661bec1"}
,"E:\\DGF\\DGF_Backend\\controllers\\getEmployeesBasedOnRoleController.js": {"path":"E:\\DGF\\DGF_Backend\\controllers\\getEmployeesBasedOnRoleController.js","statementMap":{"0":{"start":{"line":1,"column":36},"end":{"line":1,"column":89}},"1":{"start":{"line":4,"column":25},"end":{"line":12,"column":1}},"2":{"start":{"line":6,"column":4},"end":{"line":11,"column":5}},"3":{"start":{"line":7,"column":21},"end":{"line":7,"column":52}},"4":{"start":{"line":8,"column":8},"end":{"line":8,"column":35}},"5":{"start":{"line":10,"column":8},"end":{"line":10,"column":107}},"6":{"start":{"line":14,"column":0},"end":{"line":16,"column":2}}},"fnMap":{"0":{"name":"(anonymous_0)","decl":{"start":{"line":4,"column":25},"end":{"line":4,"column":26}},"loc":{"start":{"line":4,"column":45},"end":{"line":12,"column":1}},"line":4}},"branchMap":{},"s":{"0":1,"1":1,"2":2,"3":2,"4":1,"5":1,"6":1},"f":{"0":2},"b":{},"_coverageSchema":"1a1c01bbd47fc00a2c39e90264f33305004495a9","hash":"21dabc6e4d95c263c5d159c33845b2b733eea15d"}
,"E:\\DGF\\DGF_Backend\\controllers\\getMaxRequestIdController.js": {"path":"E:\\DGF\\DGF_Backend\\controllers\\getMaxRequestIdController.js","statementMap":{"0":{"start":{"line":1,"column":31},"end":{"line":1,"column":76}},"1":{"start":{"line":3,"column":0},"end":{"line":17,"column":2}},"2":{"start":{"line":4,"column":4},"end":{"line":16,"column":5}},"3":{"start":{"line":6,"column":29},"end":{"line":6,"column":75}},"4":{"start":{"line":9,"column":8},"end":{"line":12,"column":11}},"5":{"start":{"line":14,"column":8},"end":{"line":14,"column":27}},"6":{"start":{"line":15,"column":8},"end":{"line":15,"column":67}}},"fnMap":{"0":{"name":"(anonymous_0)","decl":{"start":{"line":3,"column":26},"end":{"line":3,"column":27}},"loc":{"start":{"line":3,"column":46},"end":{"line":17,"column":1}},"line":3}},"branchMap":{},"s":{"0":1,"1":1,"2":2,"3":2,"4":1,"5":1,"6":1},"f":{"0":2},"b":{},"_coverageSchema":"1a1c01bbd47fc00a2c39e90264f33305004495a9","hash":"eada13d78915a24b8e3ffa0d94c3b3c4dc302591"}
,"E:\\DGF\\DGF_Backend\\controllers\\getTrainingRequestDetailsController.js": {"path":"E:\\DGF\\DGF_Backend\\controllers\\getTrainingRequestDetailsController.js","statementMap":{"0":{"start":{"line":1,"column":38},"end":{"line":1,"column":93}},"1":{"start":{"line":3,"column":38},"end":{"line":21,"column":1}},"2":{"start":{"line":4,"column":26},"end":{"line":4,"column":36}},"3":{"start":{"line":6,"column":4},"end":{"line":8,"column":5}},"4":{"start":{"line":7,"column":8},"end":{"line":7,"column":73}},"5":{"start":{"line":10,"column":4},"end":{"line":20,"column":5}},"6":{"start":{"line":11,"column":31},"end":{"line":11,"column":73}},"7":{"start":{"line":13,"column":8},"end":{"line":15,"column":9}},"8":{"start":{"line":14,"column":12},"end":{"line":14,"column":81}},"9":{"start":{"line":17,"column":8},"end":{"line":17,"column":45}},"10":{"start":{"line":19,"column":8},"end":{"line":19,"column":131}},"11":{"start":{"line":23,"column":0},"end":{"line":25,"column":2}}},"fnMap":{"0":{"name":"(anonymous_0)","decl":{"start":{"line":3,"column":38},"end":{"line":3,"column":39}},"loc":{"start":{"line":3,"column":58},"end":{"line":21,"column":1}},"line":3}},"branchMap":{"0":{"loc":{"start":{"line":6,"column":4},"end":{"line":8,"column":5}},"type":"if","locations":[{"start":{"line":6,"column":4},"end":{"line":8,"column":5}},{"start":{},"end":{}}],"line":6},"1":{"loc":{"start":{"line":13,"column":8},"end":{"line":15,"column":9}},"type":"if","locations":[{"start":{"line":13,"column":8},"end":{"line":15,"column":9}},{"start":{},"end":{}}],"line":13}},"s":{"0":1,"1":1,"2":4,"3":4,"4":1,"5":3,"6":3,"7":2,"8":1,"9":1,"10":1,"11":1},"f":{"0":4},"b":{"0":[1,3],"1":[1,1]},"_coverageSchema":"1a1c01bbd47fc00a2c39e90264f33305004495a9","hash":"e406ae5e74b6a709e92673934f0b6aed2beb7f9e"}
,"E:\\DGF\\DGF_Backend\\controllers\\getassignedCoursesController.js": {"path":"E:\\DGF\\DGF_Backend\\controllers\\getassignedCoursesController.js","statementMap":{"0":{"start":{"line":2,"column":51},"end":{"line":2,"column":99}},"1":{"start":{"line":4,"column":27},"end":{"line":19,"column":1}},"2":{"start":{"line":5,"column":35},"end":{"line":5,"column":45}},"3":{"start":{"line":8,"column":4},"end":{"line":10,"column":5}},"4":{"start":{"line":9,"column":8},"end":{"line":9,"column":98}},"5":{"start":{"line":12,"column":4},"end":{"line":18,"column":5}},"6":{"start":{"line":13,"column":32},"end":{"line":13,"column":96}},"7":{"start":{"line":14,"column":8},"end":{"line":14,"column":56}},"8":{"start":{"line":16,"column":8},"end":{"line":16,"column":27}},"9":{"start":{"line":17,"column":8},"end":{"line":17,"column":87}},"10":{"start":{"line":21,"column":0},"end":{"line":23,"column":2}}},"fnMap":{"0":{"name":"(anonymous_0)","decl":{"start":{"line":4,"column":27},"end":{"line":4,"column":28}},"loc":{"start":{"line":4,"column":47},"end":{"line":19,"column":1}},"line":4}},"branchMap":{"0":{"loc":{"start":{"line":8,"column":4},"end":{"line":10,"column":5}},"type":"if","locations":[{"start":{"line":8,"column":4},"end":{"line":10,"column":5}},{"start":{},"end":{}}],"line":8},"1":{"loc":{"start":{"line":8,"column":8},"end":{"line":8,"column":30}},"type":"binary-expr","locations":[{"start":{"line":8,"column":8},"end":{"line":8,"column":15}},{"start":{"line":8,"column":19},"end":{"line":8,"column":30}}],"line":8}},"s":{"0":1,"1":1,"2":3,"3":3,"4":1,"5":2,"6":2,"7":1,"8":1,"9":1,"10":1},"f":{"0":3},"b":{"0":[1,2],"1":[3,2]},"_coverageSchema":"1a1c01bbd47fc00a2c39e90264f33305004495a9","hash":"741bbe1b3ff6c227b9bf914d15614bab73db6461"}
,"E:\\DGF\\DGF_Backend\\controllers\\getsetEmpBasedOnIdController.js": {"path":"E:\\DGF\\DGF_Backend\\controllers\\getsetEmpBasedOnIdController.js","statementMap":{"0":{"start":{"line":2,"column":34},"end":{"line":2,"column":82}},"1":{"start":{"line":5,"column":19},"end":{"line":14,"column":1}},"2":{"start":{"line":6,"column":2},"end":{"line":13,"column":3}},"3":{"start":{"line":7,"column":22},"end":{"line":7,"column":32}},"4":{"start":{"line":8,"column":4},"end":{"line":8,"column":23}},"5":{"start":{"line":9,"column":17},"end":{"line":9,"column":71}},"6":{"start":{"line":10,"column":4},"end":{"line":10,"column":19}},"7":{"start":{"line":12,"column":4},"end":{"line":12,"column":64}},"8":{"start":{"line":17,"column":22},"end":{"line":26,"column":1}},"9":{"start":{"line":18,"column":2},"end":{"line":25,"column":3}},"10":{"start":{"line":19,"column":4},"end":{"line":19,"column":26}},"11":{"start":{"line":20,"column":34},"end":{"line":20,"column":42}},"12":{"start":{"line":21,"column":25},"end":{"line":21,"column":93}},"13":{"start":{"line":22,"column":4},"end":{"line":22,"column":100}},"14":{"start":{"line":24,"column":4},"end":{"line":24,"column":65}},"15":{"start":{"line":28,"column":0},"end":{"line":31,"column":2}}},"fnMap":{"0":{"name":"(anonymous_0)","decl":{"start":{"line":5,"column":19},"end":{"line":5,"column":20}},"loc":{"start":{"line":5,"column":39},"end":{"line":14,"column":1}},"line":5},"1":{"name":"(anonymous_1)","decl":{"start":{"line":17,"column":22},"end":{"line":17,"column":23}},"loc":{"start":{"line":17,"column":42},"end":{"line":26,"column":1}},"line":17}},"branchMap":{},"s":{"0":1,"1":1,"2":2,"3":2,"4":2,"5":2,"6":1,"7":1,"8":1,"9":2,"10":2,"11":2,"12":2,"13":1,"14":1,"15":1},"f":{"0":2,"1":2},"b":{},"_coverageSchema":"1a1c01bbd47fc00a2c39e90264f33305004495a9","hash":"4f6fb6949455af6bd457b6e07ece3c3fb8946a8c"}
,"E:\\DGF\\DGF_Backend\\controllers\\learnerController.js": {"path":"E:\\DGF\\DGF_Backend\\controllers\\learnerController.js","statementMap":{"0":{"start":{"line":1,"column":31},"end":{"line":1,"column":68}},"1":{"start":{"line":3,"column":30},"end":{"line":11,"column":1}},"2":{"start":{"line":4,"column":23},"end":{"line":4,"column":33}},"3":{"start":{"line":5,"column":4},"end":{"line":10,"column":5}},"4":{"start":{"line":6,"column":25},"end":{"line":6,"column":57}},"5":{"start":{"line":7,"column":8},"end":{"line":7,"column":39}},"6":{"start":{"line":9,"column":8},"end":{"line":9,"column":115}},"7":{"start":{"line":13,"column":0},"end":{"line":15,"column":2}}},"fnMap":{"0":{"name":"(anonymous_0)","decl":{"start":{"line":3,"column":30},"end":{"line":3,"column":31}},"loc":{"start":{"line":3,"column":50},"end":{"line":11,"column":1}},"line":3}},"branchMap":{},"s":{"0":1,"1":1,"2":2,"3":2,"4":2,"5":1,"6":1,"7":1},"f":{"0":2},"b":{},"_coverageSchema":"1a1c01bbd47fc00a2c39e90264f33305004495a9","hash":"fc7892472bf1fb38ebbb8ca0d91860322118c1fe"}
,"E:\\DGF\\DGF_Backend\\controllers\\loginController.js": {"path":"E:\\DGF\\DGF_Backend\\controllers\\loginController.js","statementMap":{"0":{"start":{"line":2,"column":21},"end":{"line":2,"column":56}},"1":{"start":{"line":4,"column":24},"end":{"line":12,"column":1}},"2":{"start":{"line":5,"column":2},"end":{"line":11,"column":3}},"3":{"start":{"line":6,"column":25},"end":{"line":6,"column":61}},"4":{"start":{"line":7,"column":4},"end":{"line":7,"column":39}},"5":{"start":{"line":9,"column":4},"end":{"line":9,"column":25}},"6":{"start":{"line":10,"column":4},"end":{"line":10,"column":72}},"7":{"start":{"line":14,"column":0},"end":{"line":16,"column":2}}},"fnMap":{"0":{"name":"(anonymous_0)","decl":{"start":{"line":4,"column":24},"end":{"line":4,"column":25}},"loc":{"start":{"line":4,"column":44},"end":{"line":12,"column":1}},"line":4}},"branchMap":{},"s":{"0":1,"1":1,"2":2,"3":2,"4":1,"5":1,"6":1,"7":1},"f":{"0":2},"b":{},"_coverageSchema":"1a1c01bbd47fc00a2c39e90264f33305004495a9","hash":"e6f2c274eb54c8df3f5afe9233225db7f14ad49e"}
,"E:\\DGF\\DGF_Backend\\controllers\\managerSearchByNameController.js": {"path":"E:\\DGF\\DGF_Backend\\controllers\\managerSearchByNameController.js","statementMap":{"0":{"start":{"line":1,"column":33},"end":{"line":1,"column":82}},"1":{"start":{"line":3,"column":23},"end":{"line":16,"column":1}},"2":{"start":{"line":4,"column":21},"end":{"line":4,"column":30}},"3":{"start":{"line":6,"column":4},"end":{"line":8,"column":5}},"4":{"start":{"line":7,"column":8},"end":{"line":7,"column":67}},"5":{"start":{"line":10,"column":4},"end":{"line":15,"column":5}},"6":{"start":{"line":11,"column":24},"end":{"line":11,"column":56}},"7":{"start":{"line":12,"column":8},"end":{"line":12,"column":38}},"8":{"start":{"line":14,"column":8},"end":{"line":14,"column":114}},"9":{"start":{"line":18,"column":0},"end":{"line":20,"column":2}}},"fnMap":{"0":{"name":"(anonymous_0)","decl":{"start":{"line":3,"column":23},"end":{"line":3,"column":24}},"loc":{"start":{"line":3,"column":43},"end":{"line":16,"column":1}},"line":3}},"branchMap":{"0":{"loc":{"start":{"line":6,"column":4},"end":{"line":8,"column":5}},"type":"if","locations":[{"start":{"line":6,"column":4},"end":{"line":8,"column":5}},{"start":{},"end":{}}],"line":6}},"s":{"0":1,"1":1,"2":3,"3":3,"4":1,"5":2,"6":2,"7":1,"8":1,"9":1},"f":{"0":3},"b":{"0":[1,2]},"_coverageSchema":"1a1c01bbd47fc00a2c39e90264f33305004495a9","hash":"cd7d7a6ac88fcac3c73e75ba5977174254e7aa1b"}
,"E:\\DGF\\DGF_Backend\\controllers\\newtrainingrequestController.js": {"path":"E:\\DGF\\DGF_Backend\\controllers\\newtrainingrequestController.js","statementMap":{"0":{"start":{"line":6,"column":34},"end":{"line":6,"column":82}},"1":{"start":{"line":8,"column":0},"end":{"line":64,"column":2}},"2":{"start":{"line":26,"column":8},"end":{"line":26,"column":16}},"3":{"start":{"line":29,"column":4},"end":{"line":31,"column":5}},"4":{"start":{"line":30,"column":8},"end":{"line":30,"column":24}},"5":{"start":{"line":34,"column":4},"end":{"line":36,"column":5}},"6":{"start":{"line":35,"column":8},"end":{"line":35,"column":76}},"7":{"start":{"line":38,"column":4},"end":{"line":63,"column":5}},"8":{"start":{"line":40,"column":27},"end":{"line":57,"column":10}},"9":{"start":{"line":59,"column":8},"end":{"line":59,"column":101}},"10":{"start":{"line":61,"column":8},"end":{"line":61,"column":27}},"11":{"start":{"line":62,"column":8},"end":{"line":62,"column":67}}},"fnMap":{"0":{"name":"(anonymous_0)","decl":{"start":{"line":8,"column":35},"end":{"line":8,"column":36}},"loc":{"start":{"line":8,"column":55},"end":{"line":64,"column":1}},"line":8}},"branchMap":{"0":{"loc":{"start":{"line":29,"column":4},"end":{"line":31,"column":5}},"type":"if","locations":[{"start":{"line":29,"column":4},"end":{"line":31,"column":5}},{"start":{},"end":{}}],"line":29},"1":{"loc":{"start":{"line":34,"column":4},"end":{"line":36,"column":5}},"type":"if","locations":[{"start":{"line":34,"column":4},"end":{"line":36,"column":5}},{"start":{},"end":{}}],"line":34},"2":{"loc":{"start":{"line":34,"column":8},"end":{"line":34,"column":119}},"type":"binary-expr","locations":[{"start":{"line":34,"column":8},"end":{"line":34,"column":18}},{"start":{"line":34,"column":22},"end":{"line":34,"column":40}},{"start":{"line":34,"column":44},"end":{"line":34,"column":51}},{"start":{"line":34,"column":55},"end":{"line":34,"column":67}},{"start":{"line":34,"column":71},"end":{"line":34,"column":81}},{"start":{"line":34,"column":85},"end":{"line":34,"column":101}},{"start":{"line":34,"column":105},"end":{"line":34,"column":119}}],"line":34}},"s":{"0":1,"1":1,"2":4,"3":4,"4":3,"5":4,"6":1,"7":3,"8":3,"9":2,"10":1,"11":1},"f":{"0":4},"b":{"0":[3,1],"1":[1,3],"2":[4,3,3,3,3,3,3]},"_coverageSchema":"1a1c01bbd47fc00a2c39e90264f33305004495a9","hash":"2f3760efa9dc00fea87826dd4df14a1e25ac3f41"}
,"E:\\DGF\\DGF_Backend\\controllers\\notificationController.js": {"path":"E:\\DGF\\DGF_Backend\\controllers\\notificationController.js","statementMap":{"0":{"start":{"line":1,"column":53},"end":{"line":1,"column":95}},"1":{"start":{"line":3,"column":26},"end":{"line":16,"column":1}},"2":{"start":{"line":4,"column":30},"end":{"line":4,"column":39}},"3":{"start":{"line":6,"column":4},"end":{"line":8,"column":5}},"4":{"start":{"line":7,"column":8},"end":{"line":7,"column":87}},"5":{"start":{"line":10,"column":4},"end":{"line":15,"column":5}},"6":{"start":{"line":11,"column":30},"end":{"line":11,"column":77}},"7":{"start":{"line":12,"column":8},"end":{"line":12,"column":44}},"8":{"start":{"line":14,"column":8},"end":{"line":14,"column":116}},"9":{"start":{"line":18,"column":19},"end":{"line":31,"column":1}},"10":{"start":{"line":19,"column":38},"end":{"line":19,"column":46}},"11":{"start":{"line":21,"column":4},"end":{"line":23,"column":5}},"12":{"start":{"line":22,"column":8},"end":{"line":22,"column":95}},"13":{"start":{"line":25,"column":4},"end":{"line":30,"column":5}},"14":{"start":{"line":26,"column":8},"end":{"line":26,"column":60}},"15":{"start":{"line":27,"column":8},"end":{"line":27,"column":73}},"16":{"start":{"line":29,"column":8},"end":{"line":29,"column":124}},"17":{"start":{"line":34,"column":0},"end":{"line":37,"column":2}}},"fnMap":{"0":{"name":"(anonymous_0)","decl":{"start":{"line":3,"column":26},"end":{"line":3,"column":27}},"loc":{"start":{"line":3,"column":46},"end":{"line":16,"column":1}},"line":3},"1":{"name":"(anonymous_1)","decl":{"start":{"line":18,"column":19},"end":{"line":18,"column":20}},"loc":{"start":{"line":18,"column":39},"end":{"line":31,"column":1}},"line":18}},"branchMap":{"0":{"loc":{"start":{"line":6,"column":4},"end":{"line":8,"column":5}},"type":"if","locations":[{"start":{"line":6,"column":4},"end":{"line":8,"column":5}},{"start":{},"end":{}}],"line":6},"1":{"loc":{"start":{"line":6,"column":8},"end":{"line":6,"column":25}},"type":"binary-expr","locations":[{"start":{"line":6,"column":8},"end":{"line":6,"column":14}},{"start":{"line":6,"column":18},"end":{"line":6,"column":25}}],"line":6},"2":{"loc":{"start":{"line":21,"column":4},"end":{"line":23,"column":5}},"type":"if","locations":[{"start":{"line":21,"column":4},"end":{"line":23,"column":5}},{"start":{},"end":{}}],"line":21},"3":{"loc":{"start":{"line":21,"column":8},"end":{"line":21,"column":33}},"type":"binary-expr","locations":[{"start":{"line":21,"column":8},"end":{"line":21,"column":23}},{"start":{"line":21,"column":27},"end":{"line":21,"column":33}}],"line":21}},"s":{"0":1,"1":1,"2":3,"3":3,"4":1,"5":2,"6":2,"7":1,"8":1,"9":1,"10":3,"11":3,"12":1,"13":2,"14":2,"15":1,"16":1,"17":1},"f":{"0":3,"1":3},"b":{"0":[1,2],"1":[3,3],"2":[1,2],"3":[3,2]},"_coverageSchema":"1a1c01bbd47fc00a2c39e90264f33305004495a9","hash":"c662652d7f9c3ddfe10f69a95027f2f0bb512495"}
,"E:\\DGF\\DGF_Backend\\controllers\\orgLevelLearnerController.js": {"path":"E:\\DGF\\DGF_Backend\\controllers\\orgLevelLearnerController.js","statementMap":{"0":{"start":{"line":1,"column":42},"end":{"line":1,"column":87}},"1":{"start":{"line":3,"column":41},"end":{"line":11,"column":1}},"2":{"start":{"line":4,"column":23},"end":{"line":4,"column":33}},"3":{"start":{"line":5,"column":4},"end":{"line":10,"column":5}},"4":{"start":{"line":6,"column":25},"end":{"line":6,"column":68}},"5":{"start":{"line":7,"column":8},"end":{"line":7,"column":39}},"6":{"start":{"line":9,"column":8},"end":{"line":9,"column":115}},"7":{"start":{"line":13,"column":0},"end":{"line":15,"column":2}}},"fnMap":{"0":{"name":"(anonymous_0)","decl":{"start":{"line":3,"column":41},"end":{"line":3,"column":42}},"loc":{"start":{"line":3,"column":61},"end":{"line":11,"column":1}},"line":3}},"branchMap":{},"s":{"0":1,"1":1,"2":2,"3":2,"4":2,"5":1,"6":1,"7":1},"f":{"0":2},"b":{},"_coverageSchema":"1a1c01bbd47fc00a2c39e90264f33305004495a9","hash":"e6c6173d9e5c959c42647af6f339fb0acc999dc4"}
,"E:\\DGF\\DGF_Backend\\controllers\\primarySkillController.js": {"path":"E:\\DGF\\DGF_Backend\\controllers\\primarySkillController.js","statementMap":{"0":{"start":{"line":2,"column":28},"end":{"line":2,"column":70}},"1":{"start":{"line":4,"column":0},"end":{"line":22,"column":2}},"2":{"start":{"line":5,"column":25},"end":{"line":5,"column":34}},"3":{"start":{"line":8,"column":4},"end":{"line":10,"column":5}},"4":{"start":{"line":9,"column":8},"end":{"line":9,"column":73}},"5":{"start":{"line":12,"column":4},"end":{"line":21,"column":5}},"6":{"start":{"line":13,"column":23},"end":{"line":13,"column":82}},"7":{"start":{"line":14,"column":8},"end":{"line":16,"column":9}},"8":{"start":{"line":15,"column":12},"end":{"line":15,"column":101}},"9":{"start":{"line":17,"column":8},"end":{"line":17,"column":37}},"10":{"start":{"line":19,"column":8},"end":{"line":19,"column":27}},"11":{"start":{"line":20,"column":8},"end":{"line":20,"column":67}}},"fnMap":{"0":{"name":"(anonymous_0)","decl":{"start":{"line":4,"column":38},"end":{"line":4,"column":39}},"loc":{"start":{"line":4,"column":58},"end":{"line":22,"column":1}},"line":4}},"branchMap":{"0":{"loc":{"start":{"line":8,"column":4},"end":{"line":10,"column":5}},"type":"if","locations":[{"start":{"line":8,"column":4},"end":{"line":10,"column":5}},{"start":{},"end":{}}],"line":8},"1":{"loc":{"start":{"line":14,"column":8},"end":{"line":16,"column":9}},"type":"if","locations":[{"start":{"line":14,"column":8},"end":{"line":16,"column":9}},{"start":{},"end":{}}],"line":14}},"s":{"0":1,"1":1,"2":4,"3":4,"4":1,"5":3,"6":3,"7":2,"8":1,"9":1,"10":1,"11":1},"f":{"0":4},"b":{"0":[1,3],"1":[1,1]},"_coverageSchema":"1a1c01bbd47fc00a2c39e90264f33305004495a9","hash":"872f3da887abe248b0a003131f2cc7d5e0696ea7"}
,"E:\\DGF\\DGF_Backend\\controllers\\projectController.js": {"path":"E:\\DGF\\DGF_Backend\\controllers\\projectController.js","statementMap":{"0":{"start":{"line":2,"column":23},"end":{"line":2,"column":60}},"1":{"start":{"line":4,"column":0},"end":{"line":15,"column":2}},"2":{"start":{"line":5,"column":4},"end":{"line":14,"column":5}},"3":{"start":{"line":6,"column":25},"end":{"line":6,"column":62}},"4":{"start":{"line":7,"column":8},"end":{"line":9,"column":9}},"5":{"start":{"line":8,"column":12},"end":{"line":8,"column":75}},"6":{"start":{"line":10,"column":8},"end":{"line":10,"column":39}},"7":{"start":{"line":12,"column":8},"end":{"line":12,"column":27}},"8":{"start":{"line":13,"column":8},"end":{"line":13,"column":67}}},"fnMap":{"0":{"name":"(anonymous_0)","decl":{"start":{"line":4,"column":25},"end":{"line":4,"column":26}},"loc":{"start":{"line":4,"column":45},"end":{"line":15,"column":1}},"line":4}},"branchMap":{"0":{"loc":{"start":{"line":7,"column":8},"end":{"line":9,"column":9}},"type":"if","locations":[{"start":{"line":7,"column":8},"end":{"line":9,"column":9}},{"start":{},"end":{}}],"line":7}},"s":{"0":1,"1":1,"2":3,"3":3,"4":2,"5":1,"6":1,"7":1,"8":1},"f":{"0":3},"b":{"0":[1,1]},"_coverageSchema":"1a1c01bbd47fc00a2c39e90264f33305004495a9","hash":"6a1cf188c1ba98138525c732fe592aa7f9d1a734"}
,"E:\\DGF\\DGF_Backend\\controllers\\requestStatusController.js": {"path":"E:\\DGF\\DGF_Backend\\controllers\\requestStatusController.js","statementMap":{"0":{"start":{"line":1,"column":29},"end":{"line":1,"column":72}},"1":{"start":{"line":3,"column":0},"end":{"line":17,"column":2}},"2":{"start":{"line":4,"column":54},"end":{"line":4,"column":62}},"3":{"start":{"line":6,"column":4},"end":{"line":8,"column":5}},"4":{"start":{"line":7,"column":8},"end":{"line":7,"column":107}},"5":{"start":{"line":10,"column":4},"end":{"line":16,"column":5}},"6":{"start":{"line":11,"column":8},"end":{"line":11,"column":94}},"7":{"start":{"line":12,"column":8},"end":{"line":12,"column":81}},"8":{"start":{"line":14,"column":8},"end":{"line":14,"column":27}},"9":{"start":{"line":15,"column":8},"end":{"line":15,"column":87}}},"fnMap":{"0":{"name":"(anonymous_0)","decl":{"start":{"line":3,"column":30},"end":{"line":3,"column":31}},"loc":{"start":{"line":3,"column":50},"end":{"line":17,"column":1}},"line":3}},"branchMap":{"0":{"loc":{"start":{"line":6,"column":4},"end":{"line":8,"column":5}},"type":"if","locations":[{"start":{"line":6,"column":4},"end":{"line":8,"column":5}},{"start":{},"end":{}}],"line":6},"1":{"loc":{"start":{"line":6,"column":8},"end":{"line":6,"column":55}},"type":"binary-expr","locations":[{"start":{"line":6,"column":8},"end":{"line":6,"column":18}},{"start":{"line":6,"column":22},"end":{"line":6,"column":29}},{"start":{"line":6,"column":33},"end":{"line":6,"column":40}},{"start":{"line":6,"column":44},"end":{"line":6,"column":55}}],"line":6}},"s":{"0":1,"1":1,"2":3,"3":3,"4":1,"5":2,"6":2,"7":1,"8":1,"9":1},"f":{"0":3},"b":{"0":[1,2],"1":[3,3,3,2]},"_coverageSchema":"1a1c01bbd47fc00a2c39e90264f33305004495a9","hash":"2438c33d6d6b3853619db6e7339ed5210cc1db4f"}
,"E:\\DGF\\DGF_Backend\\controllers\\roleController.js": {"path":"E:\\DGF\\DGF_Backend\\controllers\\roleController.js","statementMap":{"0":{"start":{"line":3,"column":20},"end":{"line":3,"column":54}},"1":{"start":{"line":5,"column":0},"end":{"line":23,"column":2}},"2":{"start":{"line":6,"column":24},"end":{"line":6,"column":33}},"3":{"start":{"line":9,"column":4},"end":{"line":11,"column":5}},"4":{"start":{"line":10,"column":8},"end":{"line":10,"column":72}},"5":{"start":{"line":13,"column":4},"end":{"line":22,"column":5}},"6":{"start":{"line":14,"column":24},"end":{"line":14,"column":67}},"7":{"start":{"line":15,"column":8},"end":{"line":17,"column":9}},"8":{"start":{"line":16,"column":12},"end":{"line":16,"column":88}},"9":{"start":{"line":18,"column":8},"end":{"line":18,"column":38}},"10":{"start":{"line":20,"column":8},"end":{"line":20,"column":27}},"11":{"start":{"line":21,"column":8},"end":{"line":21,"column":67}}},"fnMap":{"0":{"name":"(anonymous_0)","decl":{"start":{"line":5,"column":27},"end":{"line":5,"column":28}},"loc":{"start":{"line":5,"column":47},"end":{"line":23,"column":1}},"line":5}},"branchMap":{"0":{"loc":{"start":{"line":9,"column":4},"end":{"line":11,"column":5}},"type":"if","locations":[{"start":{"line":9,"column":4},"end":{"line":11,"column":5}},{"start":{},"end":{}}],"line":9},"1":{"loc":{"start":{"line":15,"column":8},"end":{"line":17,"column":9}},"type":"if","locations":[{"start":{"line":15,"column":8},"end":{"line":17,"column":9}},{"start":{},"end":{}}],"line":15}},"s":{"0":1,"1":1,"2":4,"3":4,"4":1,"5":3,"6":3,"7":2,"8":1,"9":1,"10":1,"11":1},"f":{"0":4},"b":{"0":[1,3],"1":[1,1]},"_coverageSchema":"1a1c01bbd47fc00a2c39e90264f33305004495a9","hash":"96d0bdc3c0829fde07d5312b87087ede67141971"}
,"E:\\DGF\\DGF_Backend\\controllers\\serviceDivisionController.js": {"path":"E:\\DGF\\DGF_Backend\\controllers\\serviceDivisionController.js","statementMap":{"0":{"start":{"line":1,"column":31},"end":{"line":1,"column":76}},"1":{"start":{"line":4,"column":0},"end":{"line":20,"column":2}},"2":{"start":{"line":5,"column":4},"end":{"line":19,"column":5}},"3":{"start":{"line":7,"column":25},"end":{"line":7,"column":70}},"4":{"start":{"line":10,"column":8},"end":{"line":12,"column":9}},"5":{"start":{"line":11,"column":12},"end":{"line":11,"column":75}},"6":{"start":{"line":15,"column":8},"end":{"line":15,"column":53}},"7":{"start":{"line":17,"column":8},"end":{"line":17,"column":27}},"8":{"start":{"line":18,"column":8},"end":{"line":18,"column":67}}},"fnMap":{"0":{"name":"(anonymous_0)","decl":{"start":{"line":4,"column":25},"end":{"line":4,"column":26}},"loc":{"start":{"line":4,"column":45},"end":{"line":20,"column":1}},"line":4}},"branchMap":{"0":{"loc":{"start":{"line":10,"column":8},"end":{"line":12,"column":9}},"type":"if","locations":[{"start":{"line":10,"column":8},"end":{"line":12,"column":9}},{"start":{},"end":{}}],"line":10}},"s":{"0":1,"1":1,"2":3,"3":3,"4":2,"5":1,"6":1,"7":1,"8":1},"f":{"0":3},"b":{"0":[1,1]},"_coverageSchema":"1a1c01bbd47fc00a2c39e90264f33305004495a9","hash":"ed59e62b875a75c634789f6844f722910929949b"}
,"E:\\DGF\\DGF_Backend\\controllers\\techstackController.js": {"path":"E:\\DGF\\DGF_Backend\\controllers\\techstackController.js","statementMap":{"0":{"start":{"line":2,"column":25},"end":{"line":2,"column":64}},"1":{"start":{"line":4,"column":0},"end":{"line":15,"column":2}},"2":{"start":{"line":5,"column":4},"end":{"line":14,"column":5}},"3":{"start":{"line":6,"column":27},"end":{"line":6,"column":68}},"4":{"start":{"line":7,"column":8},"end":{"line":9,"column":9}},"5":{"start":{"line":8,"column":12},"end":{"line":8,"column":78}},"6":{"start":{"line":10,"column":8},"end":{"line":10,"column":41}},"7":{"start":{"line":12,"column":8},"end":{"line":12,"column":27}},"8":{"start":{"line":13,"column":8},"end":{"line":13,"column":67}}},"fnMap":{"0":{"name":"(anonymous_0)","decl":{"start":{"line":4,"column":27},"end":{"line":4,"column":28}},"loc":{"start":{"line":4,"column":47},"end":{"line":15,"column":1}},"line":4}},"branchMap":{"0":{"loc":{"start":{"line":7,"column":8},"end":{"line":9,"column":9}},"type":"if","locations":[{"start":{"line":7,"column":8},"end":{"line":9,"column":9}},{"start":{},"end":{}}],"line":7}},"s":{"0":1,"1":1,"2":3,"3":3,"4":2,"5":1,"6":1,"7":1,"8":1},"f":{"0":3},"b":{"0":[1,1]},"_coverageSchema":"1a1c01bbd47fc00a2c39e90264f33305004495a9","hash":"07cc1a52baba180faddbbe7b5174edcc16ceb516"}
,"E:\\DGF\\DGF_Backend\\controllers\\trainingObjectivesController.js": {"path":"E:\\DGF\\DGF_Backend\\controllers\\trainingObjectivesController.js","statementMap":{"0":{"start":{"line":2,"column":24},"end":{"line":2,"column":72}},"1":{"start":{"line":5,"column":0},"end":{"line":25,"column":2}},"2":{"start":{"line":6,"column":26},"end":{"line":6,"column":35}},"3":{"start":{"line":8,"column":4},"end":{"line":10,"column":5}},"4":{"start":{"line":9,"column":8},"end":{"line":9,"column":74}},"5":{"start":{"line":12,"column":4},"end":{"line":24,"column":5}},"6":{"start":{"line":14,"column":35},"end":{"line":14,"column":97}},"7":{"start":{"line":16,"column":8},"end":{"line":18,"column":9}},"8":{"start":{"line":17,"column":12},"end":{"line":17,"column":102}},"9":{"start":{"line":20,"column":8},"end":{"line":20,"column":49}},"10":{"start":{"line":22,"column":8},"end":{"line":22,"column":27}},"11":{"start":{"line":23,"column":8},"end":{"line":23,"column":67}}},"fnMap":{"0":{"name":"(anonymous_0)","decl":{"start":{"line":5,"column":40},"end":{"line":5,"column":41}},"loc":{"start":{"line":5,"column":60},"end":{"line":25,"column":1}},"line":5}},"branchMap":{"0":{"loc":{"start":{"line":8,"column":4},"end":{"line":10,"column":5}},"type":"if","locations":[{"start":{"line":8,"column":4},"end":{"line":10,"column":5}},{"start":{},"end":{}}],"line":8},"1":{"loc":{"start":{"line":16,"column":8},"end":{"line":18,"column":9}},"type":"if","locations":[{"start":{"line":16,"column":8},"end":{"line":18,"column":9}},{"start":{},"end":{}}],"line":16}},"s":{"0":1,"1":1,"2":4,"3":4,"4":1,"5":3,"6":3,"7":2,"8":1,"9":1,"10":1,"11":1},"f":{"0":4},"b":{"0":[1,3],"1":[1,1]},"_coverageSchema":"1a1c01bbd47fc00a2c39e90264f33305004495a9","hash":"b046d17526f4f6dcd88f58d90b4d526d319e7d61"}
,"E:\\DGF\\DGF_Backend\\controllers\\trainingRequestEmployeeLevelController.js": {"path":"E:\\DGF\\DGF_Backend\\controllers\\trainingRequestEmployeeLevelController.js","statementMap":{"0":{"start":{"line":2,"column":44},"end":{"line":2,"column":102}},"1":{"start":{"line":4,"column":0},"end":{"line":18,"column":2}},"2":{"start":{"line":5,"column":46},"end":{"line":5,"column":54}},"3":{"start":{"line":7,"column":4},"end":{"line":9,"column":5}},"4":{"start":{"line":8,"column":8},"end":{"line":8,"column":73}},"5":{"start":{"line":10,"column":4},"end":{"line":17,"column":5}},"6":{"start":{"line":12,"column":8},"end":{"line":12,"column":101}},"7":{"start":{"line":13,"column":8},"end":{"line":13,"column":81}},"8":{"start":{"line":15,"column":8},"end":{"line":15,"column":27}},"9":{"start":{"line":16,"column":8},"end":{"line":16,"column":67}}},"fnMap":{"0":{"name":"(anonymous_0)","decl":{"start":{"line":4,"column":30},"end":{"line":4,"column":31}},"loc":{"start":{"line":4,"column":50},"end":{"line":18,"column":1}},"line":4}},"branchMap":{"0":{"loc":{"start":{"line":7,"column":4},"end":{"line":9,"column":5}},"type":"if","locations":[{"start":{"line":7,"column":4},"end":{"line":9,"column":5}},{"start":{},"end":{}}],"line":7},"1":{"loc":{"start":{"line":7,"column":8},"end":{"line":7,"column":91}},"type":"binary-expr","locations":[{"start":{"line":7,"column":8},"end":{"line":7,"column":18}},{"start":{"line":7,"column":22},"end":{"line":7,"column":56}},{"start":{"line":7,"column":60},"end":{"line":7,"column":91}}],"line":7}},"s":{"0":1,"1":1,"2":6,"3":6,"4":4,"5":2,"6":2,"7":1,"8":1,"9":1},"f":{"0":6},"b":{"0":[4,2],"1":[6,5,3]},"_coverageSchema":"1a1c01bbd47fc00a2c39e90264f33305004495a9","hash":"74d82f90f63ad2423021566ea52e87efc3d947eb"}
,"E:\\DGF\\DGF_Backend\\controllers\\trainingRequestPrimarySkillController.js": {"path":"E:\\DGF\\DGF_Backend\\controllers\\trainingRequestPrimarySkillController.js","statementMap":{"0":{"start":{"line":1,"column":43},"end":{"line":1,"column":100}},"1":{"start":{"line":3,"column":27},"end":{"line":16,"column":1}},"2":{"start":{"line":4,"column":45},"end":{"line":4,"column":53}},"3":{"start":{"line":6,"column":4},"end":{"line":8,"column":5}},"4":{"start":{"line":7,"column":8},"end":{"line":7,"column":64}},"5":{"start":{"line":10,"column":4},"end":{"line":15,"column":5}},"6":{"start":{"line":11,"column":23},"end":{"line":11,"column":112}},"7":{"start":{"line":12,"column":8},"end":{"line":12,"column":88}},"8":{"start":{"line":14,"column":8},"end":{"line":14,"column":114}},"9":{"start":{"line":18,"column":0},"end":{"line":20,"column":2}}},"fnMap":{"0":{"name":"(anonymous_0)","decl":{"start":{"line":3,"column":27},"end":{"line":3,"column":28}},"loc":{"start":{"line":3,"column":47},"end":{"line":16,"column":1}},"line":3}},"branchMap":{"0":{"loc":{"start":{"line":6,"column":4},"end":{"line":8,"column":5}},"type":"if","locations":[{"start":{"line":6,"column":4},"end":{"line":8,"column":5}},{"start":{},"end":{}}],"line":6},"1":{"loc":{"start":{"line":6,"column":8},"end":{"line":6,"column":55}},"type":"binary-expr","locations":[{"start":{"line":6,"column":8},"end":{"line":6,"column":18}},{"start":{"line":6,"column":22},"end":{"line":6,"column":55}}],"line":6}},"s":{"0":1,"1":1,"2":5,"3":5,"4":3,"5":2,"6":2,"7":1,"8":1,"9":1},"f":{"0":5},"b":{"0":[3,2],"1":[5,4]},"_coverageSchema":"1a1c01bbd47fc00a2c39e90264f33305004495a9","hash":"34cda5da6d816719bdbf2b5129647bd7ae5a1c52"}
,"E:\\DGF\\DGF_Backend\\models\\User.js": {"path":"E:\\DGF\\DGF_Backend\\models\\User.js","statementMap":{"0":{"start":{"line":1,"column":11},"end":{"line":1,"column":34}},"1":{"start":{"line":4,"column":13},"end":{"line":11,"column":1}},"2":{"start":{"line":6,"column":22},"end":{"line":6,"column":64}},"3":{"start":{"line":7,"column":8},"end":{"line":9,"column":11}},"4":{"start":{"line":8,"column":12},"end":{"line":8,"column":34}},"5":{"start":{"line":13,"column":0},"end":{"line":13,"column":22}}},"fnMap":{"0":{"name":"(anonymous_0)","decl":{"start":{"line":5,"column":17},"end":{"line":5,"column":18}},"loc":{"start":{"line":5,"column":38},"end":{"line":10,"column":5}},"line":5},"1":{"name":"(anonymous_1)","decl":{"start":{"line":7,"column":35},"end":{"line":7,"column":36}},"loc":{"start":{"line":7,"column":52},"end":{"line":9,"column":9}},"line":7}},"branchMap":{},"s":{"0":2,"1":2,"2":2,"3":2,"4":2,"5":2},"f":{"0":2,"1":2},"b":{},"_coverageSchema":"1a1c01bbd47fc00a2c39e90264f33305004495a9","hash":"ff0887bc8714051131e9e1d0a842cb5ccd3f4548"}
,"E:\\DGF\\DGF_Backend\\services\\assignCourseService.js": {"path":"E:\\DGF\\DGF_Backend\\services\\assignCourseService.js","statementMap":{"0":{"start":{"line":3,"column":11},"end":{"line":3,"column":34}},"1":{"start":{"line":5,"column":21},"end":{"line":120,"column":1}},"2":{"start":{"line":6,"column":2},"end":{"line":119,"column":5}},"3":{"start":{"line":8,"column":4},"end":{"line":118,"column":7}},"4":{"start":{"line":9,"column":6},"end":{"line":9,"column":34}},"5":{"start":{"line":9,"column":15},"end":{"line":9,"column":34}},"6":{"start":{"line":12,"column":6},"end":{"line":117,"column":9}},"7":{"start":{"line":13,"column":8},"end":{"line":16,"column":9}},"8":{"start":{"line":14,"column":10},"end":{"line":14,"column":31}},"9":{"start":{"line":15,"column":10},"end":{"line":15,"column":29}},"10":{"start":{"line":19,"column":28},"end":{"line":23,"column":9}},"11":{"start":{"line":24,"column":23},"end":{"line":33,"column":9}},"12":{"start":{"line":35,"column":8},"end":{"line":116,"column":11}},"13":{"start":{"line":36,"column":10},"end":{"line":41,"column":11}},"14":{"start":{"line":37,"column":12},"end":{"line":40,"column":15}},"15":{"start":{"line":38,"column":14},"end":{"line":38,"column":35}},"16":{"start":{"line":39,"column":14},"end":{"line":39,"column":33}},"17":{"start":{"line":44,"column":44},"end":{"line":48,"column":11}},"18":{"start":{"line":50,"column":10},"end":{"line":115,"column":12}},"19":{"start":{"line":53,"column":14},"end":{"line":58,"column":15}},"20":{"start":{"line":54,"column":16},"end":{"line":57,"column":19}},"21":{"start":{"line":55,"column":18},"end":{"line":55,"column":39}},"22":{"start":{"line":56,"column":18},"end":{"line":56,"column":37}},"23":{"start":{"line":61,"column":37},"end":{"line":65,"column":15}},"24":{"start":{"line":67,"column":14},"end":{"line":113,"column":16}},"25":{"start":{"line":70,"column":18},"end":{"line":75,"column":19}},"26":{"start":{"line":71,"column":20},"end":{"line":74,"column":23}},"27":{"start":{"line":72,"column":22},"end":{"line":72,"column":43}},"28":{"start":{"line":73,"column":22},"end":{"line":73,"column":41}},"29":{"start":{"line":78,"column":45},"end":{"line":82,"column":19}},"30":{"start":{"line":84,"column":18},"end":{"line":111,"column":20}},"31":{"start":{"line":87,"column":22},"end":{"line":92,"column":23}},"32":{"start":{"line":88,"column":24},"end":{"line":91,"column":27}},"33":{"start":{"line":89,"column":26},"end":{"line":89,"column":47}},"34":{"start":{"line":90,"column":26},"end":{"line":90,"column":45}},"35":{"start":{"line":95,"column":22},"end":{"line":109,"column":25}},"36":{"start":{"line":96,"column":24},"end":{"line":101,"column":25}},"37":{"start":{"line":97,"column":26},"end":{"line":100,"column":29}},"38":{"start":{"line":98,"column":28},"end":{"line":98,"column":49}},"39":{"start":{"line":99,"column":28},"end":{"line":99,"column":47}},"40":{"start":{"line":102,"column":24},"end":{"line":102,"column":45}},"41":{"start":{"line":103,"column":24},"end":{"line":108,"column":27}},"42":{"start":{"line":122,"column":0},"end":{"line":124,"column":2}}},"fnMap":{"0":{"name":"(anonymous_0)","decl":{"start":{"line":5,"column":21},"end":{"line":5,"column":22}},"loc":{"start":{"line":5,"column":41},"end":{"line":120,"column":1}},"line":5},"1":{"name":"(anonymous_1)","decl":{"start":{"line":6,"column":21},"end":{"line":6,"column":22}},"loc":{"start":{"line":6,"column":42},"end":{"line":119,"column":3}},"line":6},"2":{"name":"(anonymous_2)","decl":{"start":{"line":8,"column":21},"end":{"line":8,"column":22}},"loc":{"start":{"line":8,"column":42},"end":{"line":118,"column":5}},"line":8},"3":{"name":"(anonymous_3)","decl":{"start":{"line":12,"column":34},"end":{"line":12,"column":35}},"loc":{"start":{"line":12,"column":43},"end":{"line":117,"column":7}},"line":12},"4":{"name":"(anonymous_4)","decl":{"start":{"line":35,"column":46},"end":{"line":35,"column":47}},"loc":{"start":{"line":35,"column":69},"end":{"line":116,"column":9}},"line":35},"5":{"name":"(anonymous_5)","decl":{"start":{"line":37,"column":39},"end":{"line":37,"column":40}},"loc":{"start":{"line":37,"column":45},"end":{"line":40,"column":13}},"line":37},"6":{"name":"(anonymous_6)","decl":{"start":{"line":52,"column":12},"end":{"line":52,"column":13}},"loc":{"start":{"line":52,"column":38},"end":{"line":114,"column":13}},"line":52},"7":{"name":"(anonymous_7)","decl":{"start":{"line":54,"column":43},"end":{"line":54,"column":44}},"loc":{"start":{"line":54,"column":49},"end":{"line":57,"column":17}},"line":54},"8":{"name":"(anonymous_8)","decl":{"start":{"line":69,"column":16},"end":{"line":69,"column":17}},"loc":{"start":{"line":69,"column":42},"end":{"line":112,"column":17}},"line":69},"9":{"name":"(anonymous_9)","decl":{"start":{"line":71,"column":47},"end":{"line":71,"column":48}},"loc":{"start":{"line":71,"column":53},"end":{"line":74,"column":21}},"line":71},"10":{"name":"(anonymous_10)","decl":{"start":{"line":86,"column":20},"end":{"line":86,"column":21}},"loc":{"start":{"line":86,"column":50},"end":{"line":110,"column":21}},"line":86},"11":{"name":"(anonymous_11)","decl":{"start":{"line":88,"column":51},"end":{"line":88,"column":52}},"loc":{"start":{"line":88,"column":57},"end":{"line":91,"column":25}},"line":88},"12":{"name":"(anonymous_12)","decl":{"start":{"line":95,"column":40},"end":{"line":95,"column":41}},"loc":{"start":{"line":95,"column":49},"end":{"line":109,"column":23}},"line":95},"13":{"name":"(anonymous_13)","decl":{"start":{"line":97,"column":53},"end":{"line":97,"column":54}},"loc":{"start":{"line":97,"column":59},"end":{"line":100,"column":27}},"line":97}},"branchMap":{"0":{"loc":{"start":{"line":9,"column":6},"end":{"line":9,"column":34}},"type":"if","locations":[{"start":{"line":9,"column":6},"end":{"line":9,"column":34}},{"start":{},"end":{}}],"line":9},"1":{"loc":{"start":{"line":13,"column":8},"end":{"line":16,"column":9}},"type":"if","locations":[{"start":{"line":13,"column":8},"end":{"line":16,"column":9}},{"start":{},"end":{}}],"line":13},"2":{"loc":{"start":{"line":30,"column":10},"end":{"line":30,"column":48}},"type":"binary-expr","locations":[{"start":{"line":30,"column":10},"end":{"line":30,"column":40}},{"start":{"line":30,"column":44},"end":{"line":30,"column":48}}],"line":30},"3":{"loc":{"start":{"line":31,"column":10},"end":{"line":31,"column":41}},"type":"binary-expr","locations":[{"start":{"line":31,"column":10},"end":{"line":31,"column":33}},{"start":{"line":31,"column":37},"end":{"line":31,"column":41}}],"line":31},"4":{"loc":{"start":{"line":32,"column":10},"end":{"line":32,"column":46}},"type":"binary-expr","locations":[{"start":{"line":32,"column":10},"end":{"line":32,"column":38}},{"start":{"line":32,"column":42},"end":{"line":32,"column":46}}],"line":32},"5":{"loc":{"start":{"line":36,"column":10},"end":{"line":41,"column":11}},"type":"if","locations":[{"start":{"line":36,"column":10},"end":{"line":41,"column":11}},{"start":{},"end":{}}],"line":36},"6":{"loc":{"start":{"line":53,"column":14},"end":{"line":58,"column":15}},"type":"if","locations":[{"start":{"line":53,"column":14},"end":{"line":58,"column":15}},{"start":{},"end":{}}],"line":53},"7":{"loc":{"start":{"line":70,"column":18},"end":{"line":75,"column":19}},"type":"if","locations":[{"start":{"line":70,"column":18},"end":{"line":75,"column":19}},{"start":{},"end":{}}],"line":70},"8":{"loc":{"start":{"line":87,"column":22},"end":{"line":92,"column":23}},"type":"if","locations":[{"start":{"line":87,"column":22},"end":{"line":92,"column":23}},{"start":{},"end":{}}],"line":87},"9":{"loc":{"start":{"line":96,"column":24},"end":{"line":101,"column":25}},"type":"if","locations":[{"start":{"line":96,"column":24},"end":{"line":101,"column":25}},{"start":{},"end":{}}],"line":96}},"s":{"0":2,"1":2,"2":8,"3":8,"4":8,"5":1,"6":7,"7":7,"8":1,"9":1,"10":6,"11":6,"12":6,"13":6,"14":1,"15":1,"16":1,"17":5,"18":5,"19":5,"20":1,"21":1,"22":1,"23":4,"24":4,"25":4,"26":1,"27":1,"28":1,"29":3,"30":3,"31":3,"32":1,"33":1,"34":1,"35":2,"36":2,"37":1,"38":1,"39":1,"40":1,"41":1,"42":2},
[...]
":{"start":{"line":94,"column":32},"end":{"line":98,"column":35}},"16":{"start":{"line":108,"column":0},"end":{"line":110,"column":2}}},"fnMap":{"0":{"name":"(anonymous_0)","decl":{"start":{"line":3,"column":38},"end":{"line":3,"column":39}},"loc":{"start":{"line":3,"column":50},"end":{"line":106,"column":1}},"line":3},"1":{"name":"(anonymous_1)","decl":{"start":{"line":4,"column":23},"end":{"line":4,"column":24}},"loc":{"start":{"line":4,"column":44},"end":{"line":105,"column":5}},"line":4},"2":{"name":"(anonymous_2)","decl":{"start":{"line":82,"column":49},"end":{"line":82,"column":50}},"loc":{"start":{"line":82,"column":80},"end":{"line":104,"column":9}},"line":82},"3":{"name":"(anonymous_3)","decl":{"start":{"line":86,"column":62},"end":{"line":86,"column":63}},"loc":{"start":{"line":86,"column":98},"end":{"line":102,"column":17}},"line":86},"4":{"name":"(anonymous_4)","decl":{"start":{"line":90,"column":52},"end":{"line":90,"column":53}},"loc":{"start":{"line":90,"column":70},"end":{"line":100,"column":25}},"line":90}},"branchMap":{"0":{"loc":{"start":{"line":83,"column":12},"end":{"line":103,"column":13}},"type":"if","locations":[{"start":{"line":83,"column":12},"end":{"line":103,"column":13}},{"start":{"line":85,"column":19},"end":{"line":103,"column":13}}],"line":83},"1":{"loc":{"start":{"line":87,"column":20},"end":{"line":101,"column":21}},"type":"if","locations":[{"start":{"line":87,"column":20},"end":{"line":101,"column":21}},{"start":{"line":89,"column":27},"end":{"line":101,"column":21}}],"line":87},"2":{"loc":{"start":{"line":91,"column":28},"end":{"line":99,"column":29}},"type":"if","locations":[{"start":{"line":91,"column":28},"end":{"line":99,"column":29}},{"start":{"line":93,"column":35},"end":{"line":99,"column":29}}],"line":91}},"s":{"0":2,"1":2,"2":5,"3":5,"4":5,"5":5,"6":5,"7":5,"8":1,"9":4,"10":4,"11":1,"12":3,"13":3,"14":1,"15":2,"16":2},"f":{"0":5,"1":5,"2":5,"3":4,"4":3},"b":{"0":[1,4],"1":[1,3],"2":[1,2]},"_coverageSchema":"1a1c01bbd47fc00a2c39e90264f33305004495a9","hash":"f26dee65759ae8800baeb3e89f0d41ca016e4b4a"}
,"E:\\DGF\\DGF_Backend\\services\\primarySkillService.js": {"path":"E:\\DGF\\DGF_Backend\\services\\primarySkillService.js","statementMap":{"0":{"start":{"line":2,"column":11},"end":{"line":2,"column":34}},"1":{"start":{"line":5,"column":32},"end":{"line":21,"column":1}},"2":{"start":{"line":6,"column":4},"end":{"line":20,"column":7}},"3":{"start":{"line":7,"column":22},"end":{"line":11,"column":9}},"4":{"start":{"line":13,"column":8},"end":{"line":19,"column":11}},"5":{"start":{"line":14,"column":12},"end":{"line":18,"column":13}},"6":{"start":{"line":15,"column":16},"end":{"line":15,"column":28}},"7":{"start":{"line":17,"column":16},"end":{"line":17,"column":33}},"8":{"start":{"line":23,"column":0},"end":{"line":25,"column":2}}},"fnMap":{"0":{"name":"(anonymous_0)","decl":{"start":{"line":5,"column":32},"end":{"line":5,"column":33}},"loc":{"start":{"line":5,"column":46},"end":{"line":21,"column":1}},"line":5},"1":{"name":"(anonymous_1)","decl":{"start":{"line":6,"column":23},"end":{"line":6,"column":24}},"loc":{"start":{"line":6,"column":44},"end":{"line":20,"column":5}},"line":6},"2":{"name":"(anonymous_2)","decl":{"start":{"line":13,"column":38},"end":{"line":13,"column":39}},"loc":{"start":{"line":13,"column":56},"end":{"line":19,"column":9}},"line":13}},"branchMap":{"0":{"loc":{"start":{"line":14,"column":12},"end":{"line":18,"column":13}},"type":"if","locations":[{"start":{"line":14,"column":12},"end":{"line":18,"column":13}},{"start":{"line":16,"column":19},"end":{"line":18,"column":13}}],"line":14}},"s":{"0":2,"1":2,"2":3,"3":3,"4":3,"5":3,"6":1,"7":2,"8":2},"f":{"0":3,"1":3,"2":3},"b":{"0":[1,2]},"_coverageSchema":"1a1c01bbd47fc00a2c39e90264f33305004495a9","hash":"2fc4086f6b6623155016b09f45507d293b91b333"}
,"E:\\DGF\\DGF_Backend\\services\\projectService.js": {"path":"E:\\DGF\\DGF_Backend\\services\\projectService.js","statementMap":{"0":{"start":{"line":2,"column":11},"end":{"line":2,"column":34}},"1":{"start":{"line":5,"column":23},"end":{"line":17,"column":1}},"2":{"start":{"line":6,"column":4},"end":{"line":16,"column":7}},"3":{"start":{"line":7,"column":22},"end":{"line":7,"column":70}},"4":{"start":{"line":9,"column":8},"end":{"line":15,"column":11}},"5":{"start":{"line":10,"column":12},"end":{"line":14,"column":13}},"6":{"start":{"line":11,"column":16},"end":{"line":11,"column":28}},"7":{"start":{"line":13,"column":16},"end":{"line":13,"column":33}},"8":{"start":{"line":19,"column":0},"end":{"line":21,"column":2}}},"fnMap":{"0":{"name":"(anonymous_0)","decl":{"start":{"line":5,"column":23},"end":{"line":5,"column":24}},"loc":{"start":{"line":5,"column":29},"end":{"line":17,"column":1}},"line":5},"1":{"name":"(anonymous_1)","decl":{"start":{"line":6,"column":23},"end":{"line":6,"column":24}},"loc":{"start":{"line":6,"column":44},"end":{"line":16,"column":5}},"line":6},"2":{"name":"(anonymous_2)","decl":{"start":{"line":9,"column":26},"end":{"line":9,"column":27}},"loc":{"start":{"line":9,"column":44},"end":{"line":15,"column":9}},"line":9}},"branchMap":{"0":{"loc":{"start":{"line":10,"column":12},"end":{"line":14,"column":13}},"type":"if","locations":[{"start":{"line":10,"column":12},"end":{"line":14,"column":13}},{"start":{"line":12,"column":19},"end":{"line":14,"column":13}}],"line":10}},"s":{"0":2,"1":2,"2":3,"3":3,"4":3,"5":3,"6":1,"7":2,"8":2},"f":{"0":3,"1":3,"2":3},"b":{"0":[1,2]},"_coverageSchema":"1a1c01bbd47fc00a2c39e90264f33305004495a9","hash":"7e428b9c84b4af71c831cb62b41d8c814f731888"}
,"E:\\DGF\\DGF_Backend\\services\\requestStatusService.js": {"path":"E:\\DGF\\DGF_Backend\\services\\requestStatusService.js","statementMap":{"0":{"start":{"line":1,"column":11},"end":{"line":1,"column":34}},"1":{"start":{"line":4,"column":28},"end":{"line":42,"column":1}},"2":{"start":{"line":5,"column":4},"end":{"line":41,"column":7}},"3":{"start":{"line":7,"column":8},"end":{"line":26,"column":9}},"4":{"start":{"line":9,"column":16},"end":{"line":13,"column":17}},"5":{"start":{"line":10,"column":20},"end":{"line":10,"column":52}},"6":{"start":{"line":12,"column":20},"end":{"line":12,"column":54}},"7":{"start":{"line":14,"column":16},"end":{"line":14,"column":22}},"8":{"start":{"line":16,"column":16},"end":{"line":16,"column":43}},"9":{"start":{"line":17,"column":16},"end":{"line":17,"column":22}},"10":{"start":{"line":19,"column":16},"end":{"line":19,"column":53}},"11":{"start":{"line":20,"column":16},"end":{"line":20,"column":22}},"12":{"start":{"line":22,"column":16},"end":{"line":22,"column":58}},"13":{"start":{"line":23,"column":16},"end":{"line":23,"column":22}},"14":{"start":{"line":25,"column":16},"end":{"line":25,"column":59}},"15":{"start":{"line":28,"column":22},"end":{"line":32,"column":9}},"16":{"start":{"line":34,"column":8},"end":{"line":40,"column":11}},"17":{"start":{"line":35,"column":12},"end":{"line":39,"column":13}},"18":{"start":{"line":36,"column":16},"end":{"line":36,"column":28}},"19":{"start":{"line":38,"column":16},"end":{"line":38,"column":33}},"20":{"start":{"line":44,"column":0},"end":{"line":46,"column":2}}},"fnMap":{"0":{"name":"(anonymous_0)","decl":{"start":{"line":4,"column":28},"end":{"line":4,"column":29}},"loc":{"start":{"line":4,"column":71},"end":{"line":42,"column":1}},"line":4},"1":{"name":"(anonymous_1)","decl":{"start":{"line":5,"column":23},"end":{"line":5,"column":24}},"loc":{"start":{"line":5,"column":44},"end":{"line":41,"column":5}},"line":5},"2":{"name":"(anonymous_2)","decl":{"start":{"line":34,"column":66},"end":{"line":34,"column":67}},"loc":{"start":{"line":34,"column":84},"end":{"line":40,"column":9}},"line":34}},"branchMap":{"0":{"loc":{"start":{"line":7,"column":8},"end":{"line":26,"column":9}},"type":"switch","locations":[{"start":{"line":8,"column":12},"end":{"line":14,"column":22}},{"start":{"line":15,"column":12},"end":{"line":17,"column":22}},{"start":{"line":18,"column":12},"end":{"line":20,"column":22}},{"start":{"line":21,"column":12},"end":{"line":23,"column":22}},{"start":{"line":24,"column":12},"end":{"line":25,"column":59}}],"line":7},"1":{"loc":{"start":{"line":9,"column":16},"end":{"line":13,"column":17}},"type":"if","locations":[{"start":{"line":9,"column":16},"end":{"line":13,"column":17}},{"start":{"line":11,"column":23},"end":{"line":13,"column":17}}],"line":9},"2":{"loc":{"start":{"line":35,"column":12},"end":{"line":39,"column":13}},"type":"if","locations":[{"start":{"line":35,"column":12},"end":{"line":39,"column":13}},{"start":{"line":37,"column":19},"end":{"line":39,"column":13}}],"line":35}},"s":{"0":2,"1":2,"2":7,"3":7,"4":3,"5":2,"6":1,"7":3,"8":1,"9":1,"10":1,"11":1,"12":1,"13":1,"14":1,"15":6,"16":6,"17":6,"18":1,"19":5,"20":2},"f":{"0":7,"1":7,"2":6},"b":{"0":[3,1,1,1,1],"1":[2,1],"2":[1,5]},"_coverageSchema":"1a1c01bbd47fc00a2c39e90264f33305004495a9","hash":"4daea200930042e360b2d11b325caf7a707287dc"}
,"E:\\DGF\\DGF_Backend\\services\\roleService.js": {"path":"E:\\DGF\\DGF_Backend\\services\\roleService.js","statementMap":{"0":{"start":{"line":2,"column":11},"end":{"line":2,"column":34}},"1":{"start":{"line":5,"column":25},"end":{"line":22,"column":1}},"2":{"start":{"line":6,"column":4},"end":{"line":21,"column":7}},"3":{"start":{"line":7,"column":22},"end":{"line":12,"column":9}},"4":{"start":{"line":14,"column":8},"end":{"line":20,"column":11}},"5":{"start":{"line":15,"column":12},"end":{"line":19,"column":13}},"6":{"start":{"line":16,"column":16},"end":{"line":16,"column":28}},"7":{"start":{"line":18,"column":16},"end":{"line":18,"column":33}},"8":{"start":{"line":24,"column":0},"end":{"line":26,"column":2}}},"fnMap":{"0":{"name":"(anonymous_0)","decl":{"start":{"line":5,"column":25},"end":{"line":5,"column":26}},"loc":{"start":{"line":5,"column":38},"end":{"line":22,"column":1}},"line":5},"1":{"name":"(anonymous_1)","decl":{"start":{"line":6,"column":23},"end":{"line":6,"column":24}},"loc":{"start":{"line":6,"column":44},"end":{"line":21,"column":5}},"line":6},"2":{"name":"(anonymous_2)","decl":{"start":{"line":14,"column":37},"end":{"line":14,"column":38}},"loc":{"start":{"line":14,"column":55},"end":{"line":20,"column":9}},"line":14}},"branchMap":{"0":{"loc":{"start":{"line":15,"column":12},"end":{"line":19,"column":13}},"type":"if","locations":[{"start":{"line":15,"column":12},"end":{"line":19,"column":13}},{"start":{"line":17,"column":19},"end":{"line":19,"column":13}}],"line":15}},"s":{"0":2,"1":2,"2":3,"3":3,"4":3,"5":3,"6":1,"7":2,"8":2},"f":{"0":3,"1":3,"2":3},"b":{"0":[1,2]},"_coverageSchema":"1a1c01bbd47fc00a2c39e90264f33305004495a9","hash":"7ec21477c34bf8ae4631b858ce40f4e5077a12ed"}
,"E:\\DGF\\DGF_Backend\\services\\serviceDivisionService.js": {"path":"E:\\DGF\\DGF_Backend\\services\\serviceDivisionService.js","statementMap":{"0":{"start":{"line":1,"column":11},"end":{"line":1,"column":34}},"1":{"start":{"line":4,"column":23},"end":{"line":16,"column":1}},"2":{"start":{"line":5,"column":4},"end":{"line":15,"column":7}},"3":{"start":{"line":6,"column":22},"end":{"line":6,"column":54}},"4":{"start":{"line":8,"column":8},"end":{"line":14,"column":11}},"5":{"start":{"line":9,"column":12},"end":{"line":13,"column":13}},"6":{"start":{"line":10,"column":16},"end":{"line":10,"column":28}},"7":{"start":{"line":12,"column":16},"end":{"line":12,"column":33}},"8":{"start":{"line":18,"column":0},"end":{"line":20,"column":2}}},"fnMap":{"0":{"name":"(anonymous_0)","decl":{"start":{"line":4,"column":23},"end":{"line":4,"column":24}},"loc":{"start":{"line":4,"column":29},"end":{"line":16,"column":1}},"line":4},"1":{"name":"(anonymous_1)","decl":{"start":{"line":5,"column":23},"end":{"line":5,"column":24}},"loc":{"start":{"line":5,"column":44},"end":{"line":15,"column":5}},"line":5},"2":{"name":"(anonymous_2)","decl":{"start":{"line":8,"column":26},"end":{"line":8,"column":27}},"loc":{"start":{"line":8,"column":44},"end":{"line":14,"column":9}},"line":8}},"branchMap":{"0":{"loc":{"start":{"line":9,"column":12},"end":{"line":13,"column":13}},"type":"if","locations":[{"start":{"line":9,"column":12},"end":{"line":13,"column":13}},{"start":{"line":11,"column":19},"end":{"line":13,"column":13}}],"line":9}},"s":{"0":2,"1":2,"2":3,"3":3,"4":3,"5":3,"6":1,"7":2,"8":2},"f":{"0":3,"1":3,"2":3},"b":{"0":[1,2]},"_coverageSchema":"1a1c01bbd47fc00a2c39e90264f33305004495a9","hash":"fd88bf1855d3eb260b720144acc2f7e4e79b1eb3"}
,"E:\\DGF\\DGF_Backend\\services\\techstackService.js": {"path":"E:\\DGF\\DGF_Backend\\services\\techstackService.js","statementMap":{"0":{"start":{"line":2,"column":11},"end":{"line":2,"column":34}},"1":{"start":{"line":5,"column":25},"end":{"line":17,"column":1}},"2":{"start":{"line":6,"column":4},"end":{"line":16,"column":7}},"3":{"start":{"line":7,"column":22},"end":{"line":7,"column":66}},"4":{"start":{"line":9,"column":8},"end":{"line":15,"column":11}},"5":{"start":{"line":10,"column":12},"end":{"line":14,"column":13}},"6":{"start":{"line":11,"column":16},"end":{"line":11,"column":28}},"7":{"start":{"line":13,"column":16},"end":{"line":13,"column":33}},"8":{"start":{"line":19,"column":0},"end":{"line":21,"column":2}}},"fnMap":{"0":{"name":"(anonymous_0)","decl":{"start":{"line":5,"column":25},"end":{"line":5,"column":26}},"loc":{"start":{"line":5,"column":31},"end":{"line":17,"column":1}},"line":5},"1":{"name":"(anonymous_1)","decl":{"start":{"line":6,"column":23},"end":{"line":6,"column":24}},"loc":{"start":{"line":6,"column":44},"end":{"line":16,"column":5}},"line":6},"2":{"name":"(anonymous_2)","decl":{"start":{"line":9,"column":26},"end":{"line":9,"column":27}},"loc":{"start":{"line":9,"column":44},"end":{"line":15,"column":9}},"line":9}},"branchMap":{"0":{"loc":{"start":{"line":10,"column":12},"end":{"line":14,"column":13}},"type":"if","locations":[{"start":{"line":10,"column":12},"end":{"line":14,"column":13}},{"start":{"line":12,"column":19},"end":{"line":14,"column":13}}],"line":10}},"s":{"0":2,"1":2,"2":3,"3":3,"4":3,"5":3,"6":1,"7":2,"8":2},"f":{"0":3,"1":3,"2":3},"b":{"0":[1,2]},"_coverageSchema":"1a1c01bbd47fc00a2c39e90264f33305004495a9","hash":"79259aa80e73926dcccff67fdf26061d974ee068"}
,"E:\\DGF\\DGF_Backend\\services\\trainingObjectivesService.js": {"path":"E:\\DGF\\DGF_Backend\\services\\trainingObjectivesService.js","statementMap":{"0":{"start":{"line":2,"column":11},"end":{"line":2,"column":34}},"1":{"start":{"line":5,"column":38},"end":{"line":21,"column":1}},"2":{"start":{"line":6,"column":4},"end":{"line":20,"column":7}},"3":{"start":{"line":7,"column":22},"end":{"line":11,"column":9}},"4":{"start":{"line":13,"column":8},"end":{"line":19,"column":11}},"5":{"start":{"line":14,"column":12},"end":{"line":18,"column":13}},"6":{"start":{"line":15,"column":16},"end":{"line":15,"column":28}},"7":{"start":{"line":17,"column":16},"end":{"line":17,"column":33}},"8":{"start":{"line":23,"column":0},"end":{"line":25,"column":2}}},"fnMap":{"0":{"name":"(anonymous_0)","decl":{"start":{"line":5,"column":38},"end":{"line":5,"column":39}},"loc":{"start":{"line":5,"column":53},"end":{"line":21,"column":1}},"line":5},"1":{"name":"(anonymous_1)","decl":{"start":{"line":6,"column":23},"end":{"line":6,"column":24}},"loc":{"start":{"line":6,"column":44},"end":{"line":20,"column":5}},"line":6},"2":{"name":"(anonymous_2)","decl":{"start":{"line":13,"column":39},"end":{"line":13,"column":40}},"loc":{"start":{"line":13,"column":57},"end":{"line":19,"column":9}},"line":13}},"branchMap":{"0":{"loc":{"start":{"line":14,"column":12},"end":{"line":18,"column":13}},"type":"if","locations":[{"start":{"line":14,"column":12},"end":{"line":18,"column":13}},{"start":{"line":16,"column":19},"end":{"line":18,"column":13}}],"line":14}},"s":{"0":2,"1":2,"2":3,"3":3,"4":3,"5":3,"6":1,"7":2,"8":2},"f":{"0":3,"1":3,"2":3},"b":{"0":[1,2]},"_coverageSchema":"1a1c01bbd47fc00a2c39e90264f33305004495a9","hash":"513d0964dd495474271c1458b77f8abf54b1ed89"}
,"E:\\DGF\\DGF_Backend\\services\\trainingRequestEmployeeLevelService.js": {"path":"E:\\DGF\\DGF_Backend\\services\\trainingRequestEmployeeLevelService.js","statementMap":{"0":{"start":{"line":2,"column":11},"end":{"line":2,"column":34}},"1":{"start":{"line":4,"column":28},"end":{"line":20,"column":1}},"2":{"start":{"line":5,"column":4},"end":{"line":19,"column":7}},"3":{"start":{"line":7,"column":23},"end":{"line":7,"column":98}},"4":{"start":{"line":7,"column":67},"end":{"line":7,"column":97}},"5":{"start":{"line":10,"column":22},"end":{"line":10,"column":107}},"6":{"start":{"line":13,"column":8},"end":{"line":18,"column":11}},"7":{"start":{"line":14,"column":12},"end":{"line":16,"column":13}},"8":{"start":{"line":15,"column":16},"end":{"line":15,"column":35}},"9":{"start":{"line":17,"column":12},"end":{"line":17,"column":29}},"10":{"start":{"line":22,"column":0},"end":{"line":24,"column":2}}},"fnMap":{"0":{"name":"(anonymous_0)","decl":{"start":{"line":4,"column":28},"end":{"line":4,"column":29}},"loc":{"start":{"line":4,"column":63},"end":{"line":20,"column":1}},"line":4},"1":{"name":"(anonymous_1)","decl":{"start":{"line":5,"column":23},"end":{"line":5,"column":24}},"loc":{"start":{"line":5,"column":44},"end":{"line":19,"column":5}},"line":5},"2":{"name":"(anonymous_2)","decl":{"start":{"line":7,"column":46},"end":{"line":7,"column":47}},"loc":{"start":{"line":7,"column":67},"end":{"line":7,"column":97}},"line":7},"3":{"name":"(anonymous_3)","decl":{"start":{"line":13,"column":34},"end":{"line":13,"column":35}},"loc":{"start":{"line":13,"column":52},"end":{"line":18,"column":9}},"line":13}},"branchMap":{"0":{"loc":{"start":{"line":14,"column":12},"end":{"line":16,"column":13}},"type":"if","locations":[{"start":{"line":14,"column":12},"end":{"line":16,"column":13}},{"start":{},"end":{}}],"line":14}},"s":{"0":2,"1":2,"2":3,"3":3,"4":5,"5":3,"6":3,"7":3,"8":1,"9":2,"10":2},"f":{"0":3,"1":3,"2":5,"3":3},"b":{"0":[1,2]},"_coverageSchema":"1a1c01bbd47fc00a2c39e90264f33305004495a9","hash":"48ec5cbdcdc67cc7ee1847da0b51e4b0d9d317fe"}
,"E:\\DGF\\DGF_Backend\\services\\trainingRequestPrimarySkillService.js": {"path":"E:\\DGF\\DGF_Backend\\services\\trainingRequestPrimarySkillService.js","statementMap":{"0":{"start":{"line":1,"column":11},"end":{"line":1,"column":34}},"1":{"start":{"line":3,"column":27},"end":{"line":19,"column":1}},"2":{"start":{"line":4,"column":4},"end":{"line":18,"column":7}},"3":{"start":{"line":6,"column":23},"end":{"line":6,"column":95}},"4":{"start":{"line":6,"column":65},"end":{"line":6,"column":94}},"5":{"start":{"line":9,"column":22},"end":{"line":9,"column":96}},"6":{"start":{"line":12,"column":8},"end":{"line":17,"column":11}},"7":{"start":{"line":13,"column":12},"end":{"line":15,"column":13}},"8":{"start":{"line":14,"column":16},"end":{"line":14,"column":35}},"9":{"start":{"line":16,"column":12},"end":{"line":16,"column":29}},"10":{"start":{"line":21,"column":0},"end":{"line":23,"column":2}}},"fnMap":{"0":{"name":"(anonymous_0)","decl":{"start":{"line":3,"column":27},"end":{"line":3,"column":28}},"loc":{"start":{"line":3,"column":61},"end":{"line":19,"column":1}},"line":3},"1":{"name":"(anonymous_1)","decl":{"start":{"line":4,"column":23},"end":{"line":4,"column":24}},"loc":{"start":{"line":4,"column":44},"end":{"line":18,"column":5}},"line":4},"2":{"name":"(anonymous_2)","decl":{"start":{"line":6,"column":45},"end":{"line":6,"column":46}},"loc":{"start":{"line":6,"column":65},"end":{"line":6,"column":94}},"line":6},"3":{"name":"(anonymous_3)","decl":{"start":{"line":12,"column":34},"end":{"line":12,"column":35}},"loc":{"start":{"line":12,"column":52},"end":{"line":17,"column":9}},"line":12}},"branchMap":{"0":{"loc":{"start":{"line":13,"column":12},"end":{"line":15,"column":13}},"type":"if","locations":[{"start":{"line":13,"column":12},"end":{"line":15,"column":13}},{"start":{},"end":{}}],"line":13}},"s":{"0":2,"1":2,"2":3,"3":3,"4":5,"5":3,"6":3,"7":3,"8":1,"9":2,"10":2},"f":{"0":3,"1":3,"2":5,"3":3},"b":{"0":[1,2]},"_coverageSchema":"1a1c01bbd47fc00a2c39e90264f33305004495a9","hash":"bed645456cc4a5c0afb1548a50eb1b32e01007f0"}
}
