TN:
SF:services\newTrainingRequestService.js
FN:3,(anonymous_0)
FN:37,(anonymous_1)
FN:82,(anonymous_2)
FN:97,(anonymous_3)
FNF:4
FNH:4
FNDA:4,(anonymous_0)
FNDA:4,(anonymous_1)
FNDA:4,(anonymous_2)
FNDA:3,(anonymous_3)
DA:1,1
DA:3,1
DA:20,4
DA:37,4
DA:39,4
DA:41,4
DA:60,4
DA:78,4
DA:79,4
DA:82,4
DA:83,4
DA:84,1
DA:87,3
DA:91,3
DA:94,3
DA:95,3
DA:97,3
DA:98,3
DA:99,1
DA:101,2
DA:109,1
LF:21
LH:21
BRDA:39,0,0,4
BRDA:39,0,1,4
BRDA:61,1,0,4
BRDA:61,1,1,1
BRDA:62,2,0,4
BRDA:62,2,1,2
BRDA:63,3,0,4
BRDA:63,3,1,2
BRDA:64,4,0,4
BRDA:64,4,1,2
BRDA:66,5,0,4
BRDA:66,5,1,2
BRDA:67,6,0,4
BRDA:67,6,1,2
BRDA:68,7,0,4
BRDA:68,7,1,2
BRDA:69,8,0,4
BRDA:69,8,1,2
BRDA:70,9,0,4
BRDA:70,9,1,2
BRDA:71,10,0,4
BRDA:71,10,1,2
BRDA:72,11,0,4
BRDA:72,11,1,2
BRDA:73,12,0,4
BRDA:73,12,1,2
BRDA:74,13,0,2
BRDA:74,13,1,2
BRDA:83,14,0,1
BRDA:83,14,1,3
BRDA:98,15,0,1
BRDA:98,15,1,2
BRF:32
BRH:32
end_of_record
