TN:
SF:services\courseStatusService.js
FN:3,(anonymous_0)
FN:52,(anonymous_1)
FN:61,(anonymous_2)
FN:90,(anonymous_3)
FN:112,(anonymous_4)
FN:162,(anonymous_5)
FN:167,(anonymous_6)
FN:186,(anonymous_7)
FN:215,(anonymous_8)
FNF:9
FNH:7
FNDA:5,(anonymous_0)
FNDA:5,(anonymous_1)
FNDA:2,(anonymous_2)
FNDA:3,(anonymous_3)
FNDA:0,(anonymous_4)
FNDA:4,(anonymous_5)
FNDA:4,(anonymous_6)
FNDA:4,(anonymous_7)
FNDA:0,(anonymous_8)
DA:1,1
DA:3,1
DA:4,5
DA:5,5
DA:7,5
DA:8,1
DA:12,4
DA:13,4
DA:14,3
DA:17,3
DA:21,2
DA:25,2
DA:39,2
DA:43,2
DA:46,2
DA:52,5
DA:55,2
DA:56,2
DA:58,2
DA:59,0
DA:60,2
DA:61,2
DA:62,1
DA:66,0
DA:67,1
DA:73,0
DA:74,1
DA:80,0
DA:81,1
DA:85,0
DA:87,1
DA:89,1
DA:90,3
DA:91,1
DA:92,1
DA:93,1
DA:94,1
DA:95,1
DA:96,1
DA:97,1
DA:98,1
DA:99,0
DA:100,0
DA:102,0
DA:103,0
DA:104,0
DA:105,0
DA:106,0
DA:112,0
DA:113,0
DA:114,0
DA:116,0
DA:117,0
DA:118,0
DA:119,0
DA:120,0
DA:121,0
DA:122,0
DA:123,0
DA:124,0
DA:125,0
DA:126,0
DA:129,0
DA:134,2
DA:138,2
DA:142,2
DA:158,2
DA:162,4
DA:163,2
DA:165,2
DA:166,2
DA:167,4
DA:169,2
DA:170,0
DA:171,0
DA:172,0
DA:173,0
DA:174,0
DA:175,0
DA:176,0
DA:177,0
DA:178,0
DA:182,2
DA:183,2
DA:184,0
DA:185,2
DA:186,4
DA:187,2
DA:191,0
DA:192,2
DA:198,0
DA:199,2
DA:205,1
DA:206,1
DA:210,0
DA:212,1
DA:215,0
DA:216,0
DA:217,0
DA:220,0
DA:221,0
DA:222,0
DA:223,0
DA:224,0
DA:225,0
DA:226,0
DA:227,0
DA:228,0
DA:229,0
DA:230,0
DA:233,0
DA:234,0
DA:235,0
DA:236,0
DA:243,2
DA:245,2
DA:249,2
DA:251,2
DA:265,2
DA:266,2
DA:268,2
DA:269,2
DA:271,4
DA:275,1
LF:124
LH:66
BRDA:7,0,0,1
BRDA:7,0,1,4
BRDA:33,1,0,2
BRDA:33,1,1,1
BRDA:55,2,0,2
BRDA:55,2,1,0
BRDA:58,3,0,0
BRDA:58,3,1,2
BRDA:60,4,0,1
BRDA:60,4,1,1
BRDA:62,5,0,0
BRDA:62,5,1,1
BRDA:63,6,0,1
BRDA:63,6,1,0
BRDA:63,6,2,1
BRDA:63,6,3,1
BRDA:67,7,0,0
BRDA:67,7,1,1
BRDA:68,8,0,1
BRDA:68,8,1,0
BRDA:68,8,2,1
BRDA:68,8,3,0
BRDA:68,8,4,1
BRDA:68,8,5,0
BRDA:68,8,6,1
BRDA:68,8,7,0
BRDA:74,9,0,0
BRDA:74,9,1,1
BRDA:75,10,0,1
BRDA:75,10,1,1
BRDA:75,10,2,1
BRDA:75,10,3,0
BRDA:75,10,4,1
BRDA:75,10,5,1
BRDA:75,10,6,1
BRDA:75,10,7,0
BRDA:81,11,0,0
BRDA:81,11,1,1
BRDA:82,12,0,1
BRDA:82,12,1,0
BRDA:82,12,2,1
BRDA:82,12,3,0
BRDA:89,13,0,1
BRDA:89,13,1,0
BRDA:92,14,0,1
BRDA:92,14,1,0
BRDA:97,15,0,1
BRDA:97,15,1,0
BRDA:97,16,0,1
BRDA:97,16,1,1
BRDA:97,16,2,1
BRDA:97,16,3,0
BRDA:97,16,4,0
BRDA:97,16,5,0
BRDA:99,17,0,0
BRDA:99,17,1,0
BRDA:99,18,0,0
BRDA:99,18,1,0
BRDA:99,18,2,0
BRDA:99,18,3,0
BRDA:99,18,4,0
BRDA:99,18,5,0
BRDA:104,19,0,0
BRDA:104,19,1,0
BRDA:113,20,0,0
BRDA:113,20,1,0
BRDA:120,21,0,0
BRDA:120,21,1,0
BRDA:123,22,0,0
BRDA:123,22,1,0
BRDA:126,23,0,0
BRDA:126,23,1,0
BRDA:138,24,0,2
BRDA:138,24,1,0
BRDA:150,25,0,2
BRDA:150,25,1,0
BRDA:165,26,0,2
BRDA:165,26,1,0
BRDA:169,27,0,0
BRDA:169,27,1,2
BRDA:171,28,0,0
BRDA:171,28,1,0
BRDA:171,29,0,0
BRDA:171,29,1,0
BRDA:171,29,2,0
BRDA:173,30,0,0
BRDA:173,30,1,0
BRDA:173,31,0,0
BRDA:173,31,1,0
BRDA:173,31,2,0
BRDA:175,32,0,0
BRDA:175,32,1,0
BRDA:175,33,0,0
BRDA:175,33,1,0
BRDA:175,33,2,0
BRDA:177,34,0,0
BRDA:177,34,1,0
BRDA:177,35,0,0
BRDA:177,35,1,0
BRDA:177,35,2,0
BRDA:182,36,0,2
BRDA:182,36,1,0
BRDA:183,37,0,0
BRDA:183,37,1,2
BRDA:185,38,0,2
BRDA:185,38,1,0
BRDA:187,39,0,0
BRDA:187,39,1,2
BRDA:188,40,0,2
BRDA:188,40,1,0
BRDA:188,40,2,2
BRDA:188,40,3,2
BRDA:192,41,0,0
BRDA:192,41,1,2
BRDA:193,42,0,2
BRDA:193,42,1,0
BRDA:193,42,2,2
BRDA:193,42,3,0
BRDA:193,42,4,2
BRDA:193,42,5,0
BRDA:193,42,6,2
BRDA:193,42,7,0
BRDA:199,43,0,1
BRDA:199,43,1,1
BRDA:200,44,0,2
BRDA:200,44,1,2
BRDA:200,44,2,1
BRDA:200,44,3,0
BRDA:200,44,4,1
BRDA:200,44,5,1
BRDA:200,44,6,1
BRDA:200,44,7,0
BRDA:206,45,0,0
BRDA:206,45,1,1
BRDA:207,46,0,1
BRDA:207,46,1,0
BRDA:207,46,2,1
BRDA:207,46,3,0
BRDA:216,47,0,0
BRDA:216,47,1,0
BRDA:224,48,0,0
BRDA:224,48,1,0
BRDA:227,49,0,0
BRDA:227,49,1,0
BRDA:230,50,0,0
BRDA:230,50,1,0
BRDA:233,51,0,0
BRDA:233,51,1,0
BRDA:235,52,0,0
BRDA:235,52,1,0
BRDA:235,53,0,0
BRDA:235,53,1,0
BRDA:243,54,0,2
BRDA:243,54,1,0
BRDA:243,55,0,2
BRDA:243,55,1,2
BRDA:249,56,0,2
BRDA:249,56,1,0
BRDA:259,57,0,2
BRDA:259,57,1,2
BRDA:268,58,0,1
BRDA:268,58,1,1
BRDA:271,59,0,3
BRDA:271,59,1,1
BRF:164
BRH:70
end_of_record
